Log file open, 11/13/24 13:25:15
LogWindows: Failed to load 'aqProf.dll' (GetLastError=126)
LogWindows: File 'aqProf.dll' does not exist
LogWindows: Failed to load 'VtuneApi.dll' (GetLastError=126)
LogWindows: File 'VtuneApi.dll' does not exist
LogWindows: Failed to load 'VtuneApi32e.dll' (GetLastError=126)
LogWindows: File 'VtuneApi32e.dll' does not exist
LogConsoleResponse: Display: Failed to find resolution value strings in scalability ini. Falling back to default.
LogConsoleResponse: Display: Failed to find resolution value strings in scalability ini. Falling back to default.
LogInit: Display: Running engine for game: FPS2
LogPlatformFile: Not using cached read wrapper
LogTaskGraph: Started task graph with 5 named threads and 35 total threads with 3 sets of task threads.
LogStats: Stats thread started at 0.294502
LogICUInternationalization: ICU TimeZone Detection - Raw Offset: -8:00, Platform Override: ''
LogInit: Display: Loading text-based GConfig....
LogPluginManager: Mounting plugin MeshPainting
LogPluginManager: Mounting plugin XGEController
LogPluginManager: Mounting plugin LiveLink
LogPluginManager: Mounting plugin Paper2D
LogPluginManager: Mounting plugin LightPropagationVolume
LogPluginManager: Mounting plugin OodleNetwork
LogPluginManager: Mounting plugin GameplayCameras
LogPluginManager: Mounting plugin CameraShakePreviewer
LogPluginManager: Mounting plugin OodleData
LogPluginManager: Mounting plugin CodeLiteSourceCodeAccess
LogPluginManager: Mounting plugin CLionSourceCodeAccess
LogPluginManager: Mounting plugin GitSourceControl
LogPluginManager: Mounting plugin KDevelopSourceCodeAccess
LogPluginManager: Mounting plugin NullSourceCodeAccess
LogPluginManager: Mounting plugin PixWinPlugin
LogPluginManager: Mounting plugin PerforceSourceControl
LogPluginManager: Mounting plugin PlasticSourceControl
LogPluginManager: Mounting plugin PluginUtils
LogPluginManager: Mounting plugin AnimationSharing
LogPluginManager: Mounting plugin SubversionSourceControl
LogPluginManager: Mounting plugin PropertyAccessNode
LogPluginManager: Mounting plugin RiderSourceCodeAccess
LogPluginManager: Mounting plugin TextureFormatOodle
LogPluginManager: Mounting plugin UObjectPlugin
LogPluginManager: Mounting plugin AssetManagerEditor
LogPluginManager: Mounting plugin VisualStudioCodeSourceCodeAccess
LogPluginManager: Mounting plugin VisualStudioSourceCodeAccess
LogPluginManager: Mounting plugin CryptoKeys
LogPluginManager: Mounting plugin XCodeSourceCodeAccess
LogPluginManager: Mounting plugin CurveEditorTools
LogPluginManager: Mounting plugin FacialAnimation
LogPluginManager: Mounting plugin DataValidation
LogPluginManager: Mounting plugin GameplayTagsEditor
LogPluginManager: Mounting plugin GeometryMode
LogPluginManager: Mounting plugin MacGraphicsSwitching
LogPluginManager: Mounting plugin MobileLauncherProfileWizard
LogPluginManager: Mounting plugin PluginBrowser
LogPluginManager: Mounting plugin SpeedTreeImporter
LogPluginManager: Mounting plugin DatasmithContent
LogPluginManager: Mounting plugin VariantManagerContent
LogPluginManager: Mounting plugin Niagara
LogPluginManager: Mounting plugin MaterialAnalyzer
LogPluginManager: Mounting plugin AutomationUtils
LogPluginManager: Mounting plugin AlembicImporter
LogPluginManager: Mounting plugin ChaosClothEditor
LogPluginManager: Mounting plugin ChaosCloth
LogPluginManager: Mounting plugin ChaosNiagara
LogPluginManager: Mounting plugin ChaosEditor
LogPluginManager: Mounting plugin ChaosSolverPlugin
LogPluginManager: Mounting plugin CharacterAI
LogPluginManager: Mounting plugin GeometryCache
LogPluginManager: Mounting plugin GeometryCollectionPlugin
LogPluginManager: Mounting plugin GeometryProcessing
LogPluginManager: Mounting plugin MotoSynth
LogPluginManager: Mounting plugin OpenImageDenoise
LogPluginManager: Mounting plugin PlanarCut
LogPluginManager: Mounting plugin ProxyLODPlugin
LogPluginManager: Mounting plugin PythonScriptPlugin
LogPluginManager: Mounting plugin BackChannel
LogPluginManager: Mounting plugin PlatformCrypto
LogPluginManager: Mounting plugin LuminPlatformFeatures
LogPluginManager: Mounting plugin SkeletalReduction
LogPluginManager: Mounting plugin MagicLeap
LogPluginManager: Mounting plugin MagicLeapLightEstimation
LogPluginManager: Mounting plugin MagicLeapPassableWorld
LogPluginManager: Mounting plugin MLSDK
LogPluginManager: Mounting plugin AndroidMedia
LogPluginManager: Mounting plugin AvfMedia
LogPluginManager: Mounting plugin TcpMessaging
LogPluginManager: Mounting plugin MagicLeapMedia
LogPluginManager: Mounting plugin UdpMessaging
LogPluginManager: Mounting plugin ActorSequence
LogPluginManager: Mounting plugin LevelSequenceEditor
LogPluginManager: Mounting plugin MatineeToLevelSequence
LogPluginManager: Mounting plugin OnlineSubsystem
LogPluginManager: Mounting plugin OnlineSubsystemUtils
LogPluginManager: Mounting plugin TemplateSequence
LogPluginManager: Mounting plugin LauncherChunkInstaller
LogPluginManager: Mounting plugin OnlineSubsystemNull
LogPluginManager: Mounting plugin ActorLayerUtilities
LogPluginManager: Mounting plugin AndroidDeviceProfileSelector
LogPluginManager: Mounting plugin AndroidPermission
LogPluginManager: Mounting plugin AndroidMoviePlayer
LogPluginManager: Mounting plugin AppleImageUtils
LogPluginManager: Mounting plugin ApexDestruction
LogPluginManager: Mounting plugin AppleMoviePlayer
LogPluginManager: Mounting plugin ArchVisCharacter
LogPluginManager: Mounting plugin AssetTags
LogPluginManager: Mounting plugin AudioCapture
LogPluginManager: Mounting plugin AudioSynesthesia
LogPluginManager: Mounting plugin CustomMeshComponent
LogPluginManager: Mounting plugin ExampleDeviceProfileSelector
LogPluginManager: Mounting plugin EditableMesh
LogPluginManager: Mounting plugin CableComponent
LogPluginManager: Mounting plugin GooglePAD
LogPluginManager: Mounting plugin GoogleCloudMessaging
LogPluginManager: Mounting plugin ChunkDownloader
LogPluginManager: Mounting plugin IOSDeviceProfileSelector
LogPluginManager: Mounting plugin LinuxDeviceProfileSelector
LogPluginManager: Mounting plugin LocationServicesBPLibrary
LogPluginManager: Mounting plugin MobilePatchingUtils
LogPluginManager: Mounting plugin OpenXR
LogPluginManager: Mounting plugin OpenXREyeTracker
LogPluginManager: Mounting plugin OpenXRHandTracking
LogPluginManager: Mounting plugin PostSplashScreen
LogPluginManager: Mounting plugin PhysXVehicles
LogPluginManager: Mounting plugin PropertyAccessEditor
LogPluginManager: Mounting plugin ProceduralMeshComponent
LogPluginManager: Mounting plugin RuntimePhysXCooking
LogPluginManager: Mounting plugin ScreenshotTools
LogPluginManager: Mounting plugin SignificanceManager
LogPluginManager: Mounting plugin SoundFields
LogPluginManager: Mounting plugin Synthesis
LogPluginManager: Mounting plugin WebMMoviePlayer
LogPluginManager: Mounting plugin WindowsMoviePlayer
LogPluginManager: Mounting plugin Takes
LogPluginManager: Mounting plugin ImgMedia
LogPluginManager: Mounting plugin MediaCompositing
LogPluginManager: Mounting plugin MediaPlayerEditor
LogPluginManager: Mounting plugin EnvironmentQueryEditor
LogPluginManager: Mounting plugin WmfMedia
LogPluginManager: Mounting plugin AISupport
LogPluginManager: Mounting plugin WebMMedia
LogPluginManager: Mounting plugin ContentBrowserAssetDataSource
LogPluginManager: Mounting plugin ContentBrowserClassDataSource
LogPluginManager: Mounting plugin ContentBrowserFileDataSource
LogPluginManager: Mounting plugin OnlineSubsystemGooglePlay
LogPluginManager: Mounting plugin OnlineSubsystemIOS
LogPluginManager: Mounting plugin OculusVR
PixWinPlugin: PIX capture plugin failed to initialize! Check that the process is launched from PIX.
LogInit: Using libcurl 7.55.1-DEV
LogInit:  - built for x86_64-pc-win32
LogInit:  - supports SSL with OpenSSL/1.1.1
LogInit:  - supports HTTP deflate (compression) using libz 1.2.8
LogInit:  - other features:
LogInit:      CURL_VERSION_SSL
LogInit:      CURL_VERSION_LIBZ
LogInit:      CURL_VERSION_IPV6
LogInit:      CURL_VERSION_ASYNCHDNS
LogInit:      CURL_VERSION_LARGEFILE
LogInit:      CURL_VERSION_IDN
LogInit:  CurlRequestOptions (configurable via config and command line):
LogInit:  - bVerifyPeer = true  - Libcurl will verify peer certificate
LogInit:  - bUseHttpProxy = false  - Libcurl will NOT use HTTP proxy
LogInit:  - bDontReuseConnections = false  - Libcurl will reuse connections
LogInit:  - MaxHostConnections = 16  - Libcurl will limit the number of connections to a host
LogInit:  - LocalHostAddr = Default
LogInit:  - BufferSize = 65536
LogOnline: OSS: Creating online subsystem instance for: NULL
LogInit: WinSock: version 1.1 (2.2), MaxSocks=32767, MaxUdp=65467
LogOnline: OSS: TryLoadSubsystemAndSetDefault: Loaded subsystem for module [NULL]
LogOculusPluginWrapper: OculusPlugin initialized successfully
LogHMD: Failed initializing OVRPlugin 1.59.0
LogInit: Build: ++UE4+Release-4.27-CL-18319896
LogInit: Engine Version: 4.27.2-18319896+++UE4+Release-4.27
LogInit: Compatible Engine Version: 4.27.0-17155196+++UE4+Release-4.27
LogInit: Net CL: 17155196
LogInit: OS: Windows 10 (Release 2009) (), CPU: AMD Ryzen 5 3600 6-Core Processor              , GPU: Radeon RX 580 Series
LogInit: Compiled (64-bit): Nov 30 2021 07:12:08
LogInit: Compiled with Visual C++: 19.24.28315.00
LogInit: Build Configuration: Development
LogInit: Branch Name: ++UE4+Release-4.27
LogInit: Command Line: 
LogInit: Base Directory: C:/Program Files/Epic Games/UE_4.27/Engine/Binaries/Win64/
LogInit: Allocator: TBB
LogInit: Installed Engine Build: 1
LogDevObjectVersion: Number of dev versions registered: 29
LogDevObjectVersion:   Dev-Blueprints (B0D832E4-1F89-4F0D-ACCF-7EB736FD4AA2): 10
LogDevObjectVersion:   Dev-Build (E1C64328-A22C-4D53-A36C-8E866417BD8C): 0
LogDevObjectVersion:   Dev-Core (375EC13C-06E4-48FB-B500-84F0262A717E): 4
LogDevObjectVersion:   Dev-Editor (E4B068ED-F494-42E9-A231-DA0B2E46BB41): 40
LogDevObjectVersion:   Dev-Framework (CFFC743F-43B0-4480-9391-14DF171D2073): 37
LogDevObjectVersion:   Dev-Mobile (B02B49B5-BB20-44E9-A304-32B752E40360): 3
LogDevObjectVersion:   Dev-Networking (A4E4105C-59A1-49B5-A7C5-40C4547EDFEE): 0
LogDevObjectVersion:   Dev-Online (39C831C9-5AE6-47DC-9A44-9C173E1C8E7C): 0
LogDevObjectVersion:   Dev-Physics (78F01B33-EBEA-4F98-B9B4-84EACCB95AA2): 14
LogDevObjectVersion:   Dev-Platform (6631380F-2D4D-43E0-8009-CF276956A95A): 0
LogDevObjectVersion:   Dev-Rendering (12F88B9F-8875-4AFC-A67C-D90C383ABD29): 45
LogDevObjectVersion:   Dev-Sequencer (7B5AE74C-D270-4C10-A958-57980B212A5A): 13
LogDevObjectVersion:   Dev-VR (D7296918-1DD6-4BDD-9DE2-64A83CC13884): 3
LogDevObjectVersion:   Dev-LoadTimes (C2A15278-BFE7-4AFE-6C17-90FF531DF755): 1
LogDevObjectVersion:   Private-Geometry (6EACA3D4-40EC-4CC1-B786-8BED09428FC5): 3
LogDevObjectVersion:   Dev-AnimPhys (29E575DD-E0A3-4627-9D10-D276232CDCEA): 17
LogDevObjectVersion:   Dev-Anim (AF43A65D-7FD3-4947-9873-3E8ED9C1BB05): 15
LogDevObjectVersion:   Dev-ReflectionCapture (6B266CEC-1EC7-4B8F-A30B-E4D90942FC07): 1
LogDevObjectVersion:   Dev-Automation (0DF73D61-A23F-47EA-B727-89E90C41499A): 1
LogDevObjectVersion:   FortniteMain (601D1886-AC64-4F84-AA16-D3DE0DEAC7D6): 47
LogDevObjectVersion:   FortniteRelease (E7086368-6B23-4C58-8439-1B7016265E91): 1
LogDevObjectVersion:   Dev-Enterprise (9DFFBCD6-494F-0158-E221-12823C92A888): 10
LogDevObjectVersion:   Dev-Niagara (F2AED0AC-9AFE-416F-8664-AA7FFA26D6FC): 1
LogDevObjectVersion:   Dev-Destruction (174F1F0B-B4C6-45A5-B13F-2EE8D0FB917D): 10
LogDevObjectVersion:   Dev-Physics-Ext (35F94A83-E258-406C-A318-09F59610247C): 41
LogDevObjectVersion:   Dev-PhysicsMaterial-Chaos (B68FC16E-8B1B-42E2-B453-215C058844FE): 1
LogDevObjectVersion:   Dev-CineCamera (B2E18506-4273-CFC2-A54E-F4BB758BBA07): 1
LogDevObjectVersion:   Dev-VirtualProduction (64F58936-FD1B-42BA-BA96-7289D5D0FA4E): 1
LogDevObjectVersion:   Dev-MediaFramework (6F0ED827-A609-4895-9C91-998D90180EA4): 2
LogInit: Presizing for max 25165824 objects, including 0 objects not considered by GC, pre-allocating 0 bytes for permanent pool.
LogConfig: Applying CVar settings from Section [/Script/Engine.StreamingSettings] File [C:/Users/abbey/Desktop/Projects/Unreal/FPS2/Saved/Config/Windows/Engine.ini]
LogConfig: Setting CVar [[s.MinBulkDataSizeForAsyncLoading:131072]]
LogConfig: Setting CVar [[s.AsyncLoadingThreadEnabled:0]]
LogConfig: Setting CVar [[s.EventDrivenLoaderEnabled:1]]
LogConfig: Setting CVar [[s.WarnIfTimeLimitExceeded:0]]
LogConfig: Setting CVar [[s.TimeLimitExceededMultiplier:1.5]]
LogConfig: Setting CVar [[s.TimeLimitExceededMinTime:0.005]]
LogConfig: Setting CVar [[s.UseBackgroundLevelStreaming:1]]
LogConfig: Setting CVar [[s.PriorityAsyncLoadingExtraTime:15.0]]
LogConfig: Setting CVar [[s.LevelStreamingActorsUpdateTimeLimit:5.0]]
LogConfig: Setting CVar [[s.PriorityLevelStreamingActorsUpdateExtraTime:5.0]]
LogConfig: Setting CVar [[s.LevelStreamingComponentsRegistrationGranularity:10]]
LogConfig: Setting CVar [[s.UnregisterComponentsTimeLimit:1.0]]
LogConfig: Setting CVar [[s.LevelStreamingComponentsUnregistrationGranularity:5]]
LogConfig: Setting CVar [[s.FlushStreamingOnExit:1]]
LogInit: Object subsystem initialized
LogConfig: Setting CVar [[con.DebugEarlyDefault:1]]
LogConfig: Setting CVar [[r.setres:1280x720]]
[2024.11.13-21.25.17:290][  0]LogConfig: Setting CVar [[r.VSync:0]]
[2024.11.13-21.25.17:290][  0]LogConfig: Setting CVar [[r.RHICmdBypass:0]]
[2024.11.13-21.25.17:290][  0]LogConfig: Applying CVar settings from Section [/Script/Engine.RendererSettings] File [C:/Users/abbey/Desktop/Projects/Unreal/FPS2/Saved/Config/Windows/Engine.ini]
[2024.11.13-21.25.17:290][  0]LogConfig: Setting CVar [[r.GPUCrashDebugging:0]]
[2024.11.13-21.25.17:290][  0]LogConfig: Applying CVar settings from Section [/Script/Engine.RendererOverrideSettings] File [C:/Users/abbey/Desktop/Projects/Unreal/FPS2/Saved/Config/Windows/Engine.ini]
[2024.11.13-21.25.17:290][  0]LogConfig: Applying CVar settings from Section [/Script/Engine.StreamingSettings] File [C:/Users/abbey/Desktop/Projects/Unreal/FPS2/Saved/Config/Windows/Engine.ini]
[2024.11.13-21.25.17:290][  0]LogConfig: Setting CVar [[s.MinBulkDataSizeForAsyncLoading:131072]]
[2024.11.13-21.25.17:290][  0]LogConfig: Setting CVar [[s.AsyncLoadingThreadEnabled:0]]
[2024.11.13-21.25.17:290][  0]LogConfig: Setting CVar [[s.EventDrivenLoaderEnabled:1]]
[2024.11.13-21.25.17:290][  0]LogConfig: Setting CVar [[s.WarnIfTimeLimitExceeded:0]]
[2024.11.13-21.25.17:290][  0]LogConfig: Setting CVar [[s.TimeLimitExceededMultiplier:1.5]]
[2024.11.13-21.25.17:290][  0]LogConfig: Setting CVar [[s.TimeLimitExceededMinTime:0.005]]
[2024.11.13-21.25.17:290][  0]LogConfig: Setting CVar [[s.UseBackgroundLevelStreaming:1]]
[2024.11.13-21.25.17:290][  0]LogConfig: Setting CVar [[s.PriorityAsyncLoadingExtraTime:15.0]]
[2024.11.13-21.25.17:290][  0]LogConfig: Setting CVar [[s.LevelStreamingActorsUpdateTimeLimit:5.0]]
[2024.11.13-21.25.17:290][  0]LogConfig: Setting CVar [[s.PriorityLevelStreamingActorsUpdateExtraTime:5.0]]
[2024.11.13-21.25.17:290][  0]LogConfig: Setting CVar [[s.LevelStreamingComponentsRegistrationGranularity:10]]
[2024.11.13-21.25.17:290][  0]LogConfig: Setting CVar [[s.UnregisterComponentsTimeLimit:1.0]]
[2024.11.13-21.25.17:290][  0]LogConfig: Setting CVar [[s.LevelStreamingComponentsUnregistrationGranularity:5]]
[2024.11.13-21.25.17:290][  0]LogConfig: Setting CVar [[s.FlushStreamingOnExit:1]]
[2024.11.13-21.25.17:290][  0]LogConfig: Applying CVar settings from Section [/Script/Engine.GarbageCollectionSettings] File [C:/Users/abbey/Desktop/Projects/Unreal/FPS2/Saved/Config/Windows/Engine.ini]
[2024.11.13-21.25.17:290][  0]LogConfig: Setting CVar [[gc.MaxObjectsNotConsideredByGC:1]]
[2024.11.13-21.25.17:290][  0]LogConfig: Setting CVar [[gc.SizeOfPermanentObjectPool:0]]
[2024.11.13-21.25.17:290][  0]LogConfig: Setting CVar [[gc.FlushStreamingOnGC:0]]
[2024.11.13-21.25.17:290][  0]LogConfig: Setting CVar [[gc.NumRetriesBeforeForcingGC:10]]
[2024.11.13-21.25.17:290][  0]LogConfig: Setting CVar [[gc.AllowParallelGC:1]]
[2024.11.13-21.25.17:290][  0]LogConfig: Setting CVar [[gc.TimeBetweenPurgingPendingKillObjects:61.1]]
[2024.11.13-21.25.17:290][  0]LogConfig: Setting CVar [[gc.MaxObjectsInEditor:25165824]]
[2024.11.13-21.25.17:290][  0]LogConfig: Setting CVar [[gc.IncrementalBeginDestroyEnabled:1]]
[2024.11.13-21.25.17:290][  0]LogConfig: Setting CVar [[gc.CreateGCClusters:1]]
[2024.11.13-21.25.17:290][  0]LogConfig: Setting CVar [[gc.MinGCClusterSize:5]]
[2024.11.13-21.25.17:291][  0]LogConfig: Setting CVar [[gc.ActorClusteringEnabled:0]]
[2024.11.13-21.25.17:291][  0]LogConfig: Setting CVar [[gc.BlueprintClusteringEnabled:0]]
[2024.11.13-21.25.17:291][  0]LogConfig: Setting CVar [[gc.UseDisregardForGCOnDedicatedServers:0]]
[2024.11.13-21.25.17:291][  0]LogConfig: Setting CVar [[gc.MultithreadedDestructionEnabled:1]]
[2024.11.13-21.25.17:291][  0]LogConfig: Applying CVar settings from Section [/Script/Engine.NetworkSettings] File [C:/Users/abbey/Desktop/Projects/Unreal/FPS2/Saved/Config/Windows/Engine.ini]
[2024.11.13-21.25.17:291][  0]LogConfig: Applying CVar settings from Section [/Script/UnrealEd.CookerSettings] File [C:/Users/abbey/Desktop/Projects/Unreal/FPS2/Saved/Config/Windows/Engine.ini]
[2024.11.13-21.25.17:322][  0]LogConfig: Applying CVar settings from Section [ViewDistanceQuality@3] File [C:/Users/abbey/Desktop/Projects/Unreal/FPS2/Saved/Config/Windows/Scalability.ini]
[2024.11.13-21.25.17:322][  0]LogConfig: Setting CVar [[r.SkeletalMeshLODBias:0]]
[2024.11.13-21.25.17:322][  0]LogConfig: Setting CVar [[r.ViewDistanceScale:1.0]]
[2024.11.13-21.25.17:322][  0]LogConfig: Applying CVar settings from Section [AntiAliasingQuality@3] File [C:/Users/abbey/Desktop/Projects/Unreal/FPS2/Saved/Config/Windows/Scalability.ini]
[2024.11.13-21.25.17:322][  0]LogConfig: Setting CVar [[r.PostProcessAAQuality:4]]
[2024.11.13-21.25.17:322][  0]LogConfig: Applying CVar settings from Section [ShadowQuality@3] File [C:/Users/abbey/Desktop/Projects/Unreal/FPS2/Saved/Config/Windows/Scalability.ini]
[2024.11.13-21.25.17:322][  0]LogConfig: Setting CVar [[r.LightFunctionQuality:1]]
[2024.11.13-21.25.17:322][  0]LogConfig: Setting CVar [[r.ShadowQuality:5]]
[2024.11.13-21.25.17:322][  0]LogConfig: Setting CVar [[r.Shadow.CSM.MaxCascades:10]]
[2024.11.13-21.25.17:322][  0]LogConfig: Setting CVar [[r.Shadow.MaxResolution:2048]]
[2024.11.13-21.25.17:322][  0]LogConfig: Setting CVar [[r.Shadow.MaxCSMResolution:2048]]
[2024.11.13-21.25.17:322][  0]LogConfig: Setting CVar [[r.Shadow.RadiusThreshold:0.01]]
[2024.11.13-21.25.17:322][  0]LogConfig: Setting CVar [[r.Shadow.DistanceScale:1.0]]
[2024.11.13-21.25.17:322][  0]LogConfig: Setting CVar [[r.Shadow.CSM.TransitionScale:1.0]]
[2024.11.13-21.25.17:322][  0]LogConfig: Setting CVar [[r.Shadow.PreShadowResolutionFactor:1.0]]
[2024.11.13-21.25.17:322][  0]LogConfig: Setting CVar [[r.DistanceFieldShadowing:1]]
[2024.11.13-21.25.17:322][  0]LogConfig: Setting CVar [[r.DistanceFieldAO:1]]
[2024.11.13-21.25.17:322][  0]LogConfig: Setting CVar [[r.AOQuality:2]]
[2024.11.13-21.25.17:322][  0]LogConfig: Setting CVar [[r.VolumetricFog:1]]
[2024.11.13-21.25.17:322][  0]LogConfig: Setting CVar [[r.VolumetricFog.GridPixelSize:8]]
[2024.11.13-21.25.17:322][  0]LogConfig: Setting CVar [[r.VolumetricFog.GridSizeZ:128]]
[2024.11.13-21.25.17:322][  0]LogConfig: Setting CVar [[r.VolumetricFog.HistoryMissSupersampleCount:4]]
[2024.11.13-21.25.17:322][  0]LogConfig: Setting CVar [[r.LightMaxDrawDistanceScale:1]]
[2024.11.13-21.25.17:322][  0]LogConfig: Setting CVar [[r.CapsuleShadows:1]]
[2024.11.13-21.25.17:322][  0]LogConfig: Applying CVar settings from Section [PostProcessQuality@3] File [C:/Users/abbey/Desktop/Projects/Unreal/FPS2/Saved/Config/Windows/Scalability.ini]
[2024.11.13-21.25.17:322][  0]LogConfig: Setting CVar [[r.MotionBlurQuality:4]]
[2024.11.13-21.25.17:322][  0]LogConfig: Setting CVar [[r.AmbientOcclusionMipLevelFactor:0.4]]
[2024.11.13-21.25.17:322][  0]LogConfig: Setting CVar [[r.AmbientOcclusionMaxQuality:100]]
[2024.11.13-21.25.17:322][  0]LogConfig: Setting CVar [[r.AmbientOcclusionLevels:-1]]
[2024.11.13-21.25.17:322][  0]LogConfig: Setting CVar [[r.AmbientOcclusionRadiusScale:1.0]]
[2024.11.13-21.25.17:322][  0]LogConfig: Setting CVar [[r.DepthOfFieldQuality:2]]
[2024.11.13-21.25.17:322][  0]LogConfig: Setting CVar [[r.RenderTargetPoolMin:400]]
[2024.11.13-21.25.17:322][  0]LogConfig: Setting CVar [[r.LensFlareQuality:2]]
[2024.11.13-21.25.17:322][  0]LogConfig: Setting CVar [[r.SceneColorFringeQuality:1]]
[2024.11.13-21.25.17:322][  0]LogConfig: Setting CVar [[r.EyeAdaptationQuality:2]]
[2024.11.13-21.25.17:322][  0]LogConfig: Setting CVar [[r.BloomQuality:5]]
[2024.11.13-21.25.17:322][  0]LogConfig: Setting CVar [[r.FastBlurThreshold:100]]
[2024.11.13-21.25.17:322][  0]LogConfig: Setting CVar [[r.Upscale.Quality:3]]
[2024.11.13-21.25.17:322][  0]LogConfig: Setting CVar [[r.Tonemapper.GrainQuantization:1]]
[2024.11.13-21.25.17:322][  0]LogConfig: Setting CVar [[r.LightShaftQuality:1]]
[2024.11.13-21.25.17:322][  0]LogConfig: Setting CVar [[r.Filter.SizeScale:1]]
[2024.11.13-21.25.17:322][  0]LogConfig: Setting CVar [[r.Tonemapper.Quality:5]]
[2024.11.13-21.25.17:322][  0]LogConfig: Setting CVar [[r.DOF.Gather.AccumulatorQuality:1        ; higher gathering accumulator quality]]
[2024.11.13-21.25.17:322][  0]LogConfig: Setting CVar [[r.DOF.Gather.PostfilterMethod:1          ; Median3x3 postfilering method]]
[2024.11.13-21.25.17:322][  0]LogConfig: Setting CVar [[r.DOF.Gather.EnableBokehSettings:0       ; no bokeh simulation when gathering]]
[2024.11.13-21.25.17:322][  0]LogConfig: Setting CVar [[r.DOF.Gather.RingCount:4                 ; medium number of samples when gathering]]
[2024.11.13-21.25.17:322][  0]LogConfig: Setting CVar [[r.DOF.Scatter.ForegroundCompositing:1    ; additive foreground scattering]]
[2024.11.13-21.25.17:322][  0]LogConfig: Setting CVar [[r.DOF.Scatter.BackgroundCompositing:2    ; additive background scattering]]
[2024.11.13-21.25.17:322][  0]LogConfig: Setting CVar [[r.DOF.Scatter.EnableBokehSettings:1      ; bokeh simulation when scattering]]
[2024.11.13-21.25.17:322][  0]LogConfig: Setting CVar [[r.DOF.Scatter.MaxSpriteRatio:0.1         ; only a maximum of 10% of scattered bokeh]]
[2024.11.13-21.25.17:322][  0]LogConfig: Setting CVar [[r.DOF.Recombine.Quality:1                ; cheap slight out of focus]]
[2024.11.13-21.25.17:322][  0]LogConfig: Setting CVar [[r.DOF.Recombine.EnableBokehSettings:0    ; no bokeh simulation on slight out of focus]]
[2024.11.13-21.25.17:322][  0]LogConfig: Setting CVar [[r.DOF.TemporalAAQuality:1                ; more stable temporal accumulation]]
[2024.11.13-21.25.17:322][  0]LogConfig: Setting CVar [[r.DOF.Kernel.MaxForegroundRadius:0.025]]
[2024.11.13-21.25.17:322][  0]LogConfig: Setting CVar [[r.DOF.Kernel.MaxBackgroundRadius:0.025]]
[2024.11.13-21.25.17:322][  0]LogConfig: Applying CVar settings from Section [TextureQuality@3] File [C:/Users/abbey/Desktop/Projects/Unreal/FPS2/Saved/Config/Windows/Scalability.ini]
[2024.11.13-21.25.17:322][  0]LogConfig: Setting CVar [[r.Streaming.MipBias:0]]
[2024.11.13-21.25.17:322][  0]LogConfig: Setting CVar [[r.Streaming.AmortizeCPUToGPUCopy:0]]
[2024.11.13-21.25.17:322][  0]LogConfig: Setting CVar [[r.Streaming.MaxNumTexturesToStreamPerFrame:0]]
[2024.11.13-21.25.17:322][  0]LogConfig: Setting CVar [[r.Streaming.Boost:1]]
[2024.11.13-21.25.17:322][  0]LogConfig: Setting CVar [[r.MaxAnisotropy:8]]
[2024.11.13-21.25.17:322][  0]LogConfig: Setting CVar [[r.VT.MaxAnisotropy:8]]
[2024.11.13-21.25.17:322][  0]LogConfig: Setting CVar [[r.Streaming.LimitPoolSizeToVRAM:0]]
[2024.11.13-21.25.17:322][  0]LogConfig: Setting CVar [[r.Streaming.PoolSize:1000]]
[2024.11.13-21.25.17:322][  0]LogConfig: Setting CVar [[r.Streaming.MaxEffectiveScreenSize:0]]
[2024.11.13-21.25.17:322][  0]LogConfig: Applying CVar settings from Section [EffectsQuality@3] File [C:/Users/abbey/Desktop/Projects/Unreal/FPS2/Saved/Config/Windows/Scalability.ini]
[2024.11.13-21.25.17:322][  0]LogConfig: Setting CVar [[r.TranslucencyLightingVolumeDim:64]]
[2024.11.13-21.25.17:322][  0]LogConfig: Setting CVar [[r.RefractionQuality:2]]
[2024.11.13-21.25.17:322][  0]LogConfig: Setting CVar [[r.SSR.Quality:3]]
[2024.11.13-21.25.17:322][  0]LogConfig: Setting CVar [[r.SSR.HalfResSceneColor:0]]
[2024.11.13-21.25.17:323][  0]LogConfig: Setting CVar [[r.SceneColorFormat:4]]
[2024.11.13-21.25.17:323][  0]LogConfig: Setting CVar [[r.DetailMode:2]]
[2024.11.13-21.25.17:323][  0]LogConfig: Setting CVar [[r.TranslucencyVolumeBlur:1]]
[2024.11.13-21.25.17:323][  0]LogConfig: Setting CVar [[r.MaterialQualityLevel:1 ; High quality]]
[2024.11.13-21.25.17:323][  0]LogConfig: Setting CVar [[r.AnisotropicMaterials:1]]
[2024.11.13-21.25.17:323][  0]LogConfig: Setting CVar [[r.SSS.Scale:1]]
[2024.11.13-21.25.17:323][  0]LogConfig: Setting CVar [[r.SSS.SampleSet:2]]
[2024.11.13-21.25.17:323][  0]LogConfig: Setting CVar [[r.SSS.Quality:1]]
[2024.11.13-21.25.17:323][  0]LogConfig: Setting CVar [[r.SSS.HalfRes:0]]
[2024.11.13-21.25.17:323][  0]LogConfig: Setting CVar [[r.SSGI.Quality:3]]
[2024.11.13-21.25.17:323][  0]LogConfig: Setting CVar [[r.EmitterSpawnRateScale:1.0]]
[2024.11.13-21.25.17:323][  0]LogConfig: Setting CVar [[r.ParticleLightQuality:2]]
[2024.11.13-21.25.17:323][  0]LogConfig: Setting CVar [[r.SkyAtmosphere.AerialPerspectiveLUT.FastApplyOnOpaque:1 ; Always have FastSkyLUT 1 in this case to avoid wrong sky]]
[2024.11.13-21.25.17:323][  0]LogConfig: Setting CVar [[r.SkyAtmosphere.AerialPerspectiveLUT.SampleCountMaxPerSlice:4]]
[2024.11.13-21.25.17:323][  0]LogConfig: Setting CVar [[r.SkyAtmosphere.AerialPerspectiveLUT.DepthResolution:16.0]]
[2024.11.13-21.25.17:323][  0]LogConfig: Setting CVar [[r.SkyAtmosphere.FastSkyLUT:1]]
[2024.11.13-21.25.17:323][  0]LogConfig: Setting CVar [[r.SkyAtmosphere.FastSkyLUT.SampleCountMin:4.0]]
[2024.11.13-21.25.17:323][  0]LogConfig: Setting CVar [[r.SkyAtmosphere.FastSkyLUT.SampleCountMax:128.0]]
[2024.11.13-21.25.17:323][  0]LogConfig: Setting CVar [[r.SkyAtmosphere.SampleCountMin:4.0]]
[2024.11.13-21.25.17:323][  0]LogConfig: Setting CVar [[r.SkyAtmosphere.SampleCountMax:128.0]]
[2024.11.13-21.25.17:323][  0]LogConfig: Setting CVar [[r.SkyAtmosphere.TransmittanceLUT.UseSmallFormat:0]]
[2024.11.13-21.25.17:323][  0]LogConfig: Setting CVar [[r.SkyAtmosphere.TransmittanceLUT.SampleCount:10.0]]
[2024.11.13-21.25.17:323][  0]LogConfig: Setting CVar [[r.SkyAtmosphere.MultiScatteringLUT.SampleCount:15.0]]
[2024.11.13-21.25.17:323][  0]LogConfig: Setting CVar [[r.SkyLight.RealTimeReflectionCapture:1]]
[2024.11.13-21.25.17:323][  0]LogConfig: Applying CVar settings from Section [FoliageQuality@3] File [C:/Users/abbey/Desktop/Projects/Unreal/FPS2/Saved/Config/Windows/Scalability.ini]
[2024.11.13-21.25.17:323][  0]LogConfig: Setting CVar [[foliage.DensityScale:1.0]]
[2024.11.13-21.25.17:323][  0]LogConfig: Setting CVar [[grass.DensityScale:1.0]]
[2024.11.13-21.25.17:323][  0]LogConfig: Applying CVar settings from Section [ShadingQuality@3] File [C:/Users/abbey/Desktop/Projects/Unreal/FPS2/Saved/Config/Windows/Scalability.ini]
[2024.11.13-21.25.17:323][  0]LogConfig: Setting CVar [[r.HairStrands.SkyLighting.IntegrationType:2]]
[2024.11.13-21.25.17:323][  0]LogConfig: Setting CVar [[r.HairStrands.SkyAO.SampleCount:4]]
[2024.11.13-21.25.17:323][  0]LogConfig: Setting CVar [[r.HairStrands.Visibility.MSAA.SamplePerPixel:4]]
[2024.11.13-21.25.17:323][  0]LogInit: Selected Device Profile: [Windows]
[2024.11.13-21.25.17:323][  0]LogInit: Applying CVar settings loaded from the selected device profile: [Windows]
[2024.11.13-21.25.17:323][  0]LogHAL: Display: Platform has ~ 16 GB [17125883904 / 17179869184 / 16], which maps to Larger [LargestMinGB=32, LargerMinGB=12, DefaultMinGB=8, SmallerMinGB=6, SmallestMinGB=0)
[2024.11.13-21.25.17:323][  0]LogInit: Going up to parent DeviceProfile []
[2024.11.13-21.25.17:323][  0]LogConfig: Applying CVar settings from Section [ViewDistanceQuality@3] File [C:/Users/abbey/Desktop/Projects/Unreal/FPS2/Saved/Config/Windows/Scalability.ini]
[2024.11.13-21.25.17:323][  0]LogConfig: Setting CVar [[r.SkeletalMeshLODBias:0]]
[2024.11.13-21.25.17:323][  0]LogConfig: Setting CVar [[r.ViewDistanceScale:1.0]]
[2024.11.13-21.25.17:323][  0]LogConfig: Applying CVar settings from Section [AntiAliasingQuality@3] File [C:/Users/abbey/Desktop/Projects/Unreal/FPS2/Saved/Config/Windows/Scalability.ini]
[2024.11.13-21.25.17:323][  0]LogConfig: Setting CVar [[r.PostProcessAAQuality:4]]
[2024.11.13-21.25.17:323][  0]LogConfig: Applying CVar settings from Section [ShadowQuality@3] File [C:/Users/abbey/Desktop/Projects/Unreal/FPS2/Saved/Config/Windows/Scalability.ini]
[2024.11.13-21.25.17:323][  0]LogConfig: Setting CVar [[r.LightFunctionQuality:1]]
[2024.11.13-21.25.17:323][  0]LogConfig: Setting CVar [[r.ShadowQuality:5]]
[2024.11.13-21.25.17:323][  0]LogConfig: Setting CVar [[r.Shadow.CSM.MaxCascades:10]]
[2024.11.13-21.25.17:323][  0]LogConfig: Setting CVar [[r.Shadow.MaxResolution:2048]]
[2024.11.13-21.25.17:323][  0]LogConfig: Setting CVar [[r.Shadow.MaxCSMResolution:2048]]
[2024.11.13-21.25.17:323][  0]LogConfig: Setting CVar [[r.Shadow.RadiusThreshold:0.01]]
[2024.11.13-21.25.17:323][  0]LogConfig: Setting CVar [[r.Shadow.DistanceScale:1.0]]
[2024.11.13-21.25.17:323][  0]LogConfig: Setting CVar [[r.Shadow.CSM.TransitionScale:1.0]]
[2024.11.13-21.25.17:323][  0]LogConfig: Setting CVar [[r.Shadow.PreShadowResolutionFactor:1.0]]
[2024.11.13-21.25.17:323][  0]LogConfig: Setting CVar [[r.DistanceFieldShadowing:1]]
[2024.11.13-21.25.17:323][  0]LogConfig: Setting CVar [[r.DistanceFieldAO:1]]
[2024.11.13-21.25.17:323][  0]LogConfig: Setting CVar [[r.AOQuality:2]]
[2024.11.13-21.25.17:323][  0]LogConfig: Setting CVar [[r.VolumetricFog:1]]
[2024.11.13-21.25.17:323][  0]LogConfig: Setting CVar [[r.VolumetricFog.GridPixelSize:8]]
[2024.11.13-21.25.17:323][  0]LogConfig: Setting CVar [[r.VolumetricFog.GridSizeZ:128]]
[2024.11.13-21.25.17:323][  0]LogConfig: Setting CVar [[r.VolumetricFog.HistoryMissSupersampleCount:4]]
[2024.11.13-21.25.17:323][  0]LogConfig: Setting CVar [[r.LightMaxDrawDistanceScale:1]]
[2024.11.13-21.25.17:323][  0]LogConfig: Setting CVar [[r.CapsuleShadows:1]]
[2024.11.13-21.25.17:323][  0]LogConfig: Applying CVar settings from Section [PostProcessQuality@3] File [C:/Users/abbey/Desktop/Projects/Unreal/FPS2/Saved/Config/Windows/Scalability.ini]
[2024.11.13-21.25.17:323][  0]LogConfig: Setting CVar [[r.MotionBlurQuality:4]]
[2024.11.13-21.25.17:323][  0]LogConfig: Setting CVar [[r.AmbientOcclusionMipLevelFactor:0.4]]
[2024.11.13-21.25.17:323][  0]LogConfig: Setting CVar [[r.AmbientOcclusionMaxQuality:100]]
[2024.11.13-21.25.17:323][  0]LogConfig: Setting CVar [[r.AmbientOcclusionLevels:-1]]
[2024.11.13-21.25.17:323][  0]LogConfig: Setting CVar [[r.AmbientOcclusionRadiusScale:1.0]]
[2024.11.13-21.25.17:323][  0]LogConfig: Setting CVar [[r.DepthOfFieldQuality:2]]
[2024.11.13-21.25.17:323][  0]LogConfig: Setting CVar [[r.RenderTargetPoolMin:400]]
[2024.11.13-21.25.17:323][  0]LogConfig: Setting CVar [[r.LensFlareQuality:2]]
[2024.11.13-21.25.17:323][  0]LogConfig: Setting CVar [[r.SceneColorFringeQuality:1]]
[2024.11.13-21.25.17:323][  0]LogConfig: Setting CVar [[r.EyeAdaptationQuality:2]]
[2024.11.13-21.25.17:324][  0]LogConfig: Setting CVar [[r.BloomQuality:5]]
[2024.11.13-21.25.17:324][  0]LogConfig: Setting CVar [[r.FastBlurThreshold:100]]
[2024.11.13-21.25.17:324][  0]LogConfig: Setting CVar [[r.Upscale.Quality:3]]
[2024.11.13-21.25.17:324][  0]LogConfig: Setting CVar [[r.Tonemapper.GrainQuantization:1]]
[2024.11.13-21.25.17:324][  0]LogConfig: Setting CVar [[r.LightShaftQuality:1]]
[2024.11.13-21.25.17:324][  0]LogConfig: Setting CVar [[r.Filter.SizeScale:1]]
[2024.11.13-21.25.17:324][  0]LogConfig: Setting CVar [[r.Tonemapper.Quality:5]]
[2024.11.13-21.25.17:324][  0]LogConfig: Setting CVar [[r.DOF.Gather.AccumulatorQuality:1        ; higher gathering accumulator quality]]
[2024.11.13-21.25.17:324][  0]LogConfig: Setting CVar [[r.DOF.Gather.PostfilterMethod:1          ; Median3x3 postfilering method]]
[2024.11.13-21.25.17:324][  0]LogConfig: Setting CVar [[r.DOF.Gather.EnableBokehSettings:0       ; no bokeh simulation when gathering]]
[2024.11.13-21.25.17:324][  0]LogConfig: Setting CVar [[r.DOF.Gather.RingCount:4                 ; medium number of samples when gathering]]
[2024.11.13-21.25.17:324][  0]LogConfig: Setting CVar [[r.DOF.Scatter.ForegroundCompositing:1    ; additive foreground scattering]]
[2024.11.13-21.25.17:324][  0]LogConfig: Setting CVar [[r.DOF.Scatter.BackgroundCompositing:2    ; additive background scattering]]
[2024.11.13-21.25.17:324][  0]LogConfig: Setting CVar [[r.DOF.Scatter.EnableBokehSettings:1      ; bokeh simulation when scattering]]
[2024.11.13-21.25.17:324][  0]LogConfig: Setting CVar [[r.DOF.Scatter.MaxSpriteRatio:0.1         ; only a maximum of 10% of scattered bokeh]]
[2024.11.13-21.25.17:324][  0]LogConfig: Setting CVar [[r.DOF.Recombine.Quality:1                ; cheap slight out of focus]]
[2024.11.13-21.25.17:324][  0]LogConfig: Setting CVar [[r.DOF.Recombine.EnableBokehSettings:0    ; no bokeh simulation on slight out of focus]]
[2024.11.13-21.25.17:324][  0]LogConfig: Setting CVar [[r.DOF.TemporalAAQuality:1                ; more stable temporal accumulation]]
[2024.11.13-21.25.17:324][  0]LogConfig: Setting CVar [[r.DOF.Kernel.MaxForegroundRadius:0.025]]
[2024.11.13-21.25.17:324][  0]LogConfig: Setting CVar [[r.DOF.Kernel.MaxBackgroundRadius:0.025]]
[2024.11.13-21.25.17:324][  0]LogConfig: Applying CVar settings from Section [TextureQuality@3] File [C:/Users/abbey/Desktop/Projects/Unreal/FPS2/Saved/Config/Windows/Scalability.ini]
[2024.11.13-21.25.17:324][  0]LogConfig: Setting CVar [[r.Streaming.MipBias:0]]
[2024.11.13-21.25.17:324][  0]LogConfig: Setting CVar [[r.Streaming.AmortizeCPUToGPUCopy:0]]
[2024.11.13-21.25.17:324][  0]LogConfig: Setting CVar [[r.Streaming.MaxNumTexturesToStreamPerFrame:0]]
[2024.11.13-21.25.17:324][  0]LogConfig: Setting CVar [[r.Streaming.Boost:1]]
[2024.11.13-21.25.17:324][  0]LogConfig: Setting CVar [[r.MaxAnisotropy:8]]
[2024.11.13-21.25.17:324][  0]LogConfig: Setting CVar [[r.VT.MaxAnisotropy:8]]
[2024.11.13-21.25.17:324][  0]LogConfig: Setting CVar [[r.Streaming.LimitPoolSizeToVRAM:0]]
[2024.11.13-21.25.17:324][  0]LogConfig: Setting CVar [[r.Streaming.PoolSize:1000]]
[2024.11.13-21.25.17:324][  0]LogConfig: Setting CVar [[r.Streaming.MaxEffectiveScreenSize:0]]
[2024.11.13-21.25.17:324][  0]LogConfig: Applying CVar settings from Section [EffectsQuality@3] File [C:/Users/abbey/Desktop/Projects/Unreal/FPS2/Saved/Config/Windows/Scalability.ini]
[2024.11.13-21.25.17:324][  0]LogConfig: Setting CVar [[r.TranslucencyLightingVolumeDim:64]]
[2024.11.13-21.25.17:324][  0]LogConfig: Setting CVar [[r.RefractionQuality:2]]
[2024.11.13-21.25.17:324][  0]LogConfig: Setting CVar [[r.SSR.Quality:3]]
[2024.11.13-21.25.17:324][  0]LogConfig: Setting CVar [[r.SSR.HalfResSceneColor:0]]
[2024.11.13-21.25.17:324][  0]LogConfig: Setting CVar [[r.SceneColorFormat:4]]
[2024.11.13-21.25.17:324][  0]LogConfig: Setting CVar [[r.DetailMode:2]]
[2024.11.13-21.25.17:324][  0]LogConfig: Setting CVar [[r.TranslucencyVolumeBlur:1]]
[2024.11.13-21.25.17:324][  0]LogConfig: Setting CVar [[r.MaterialQualityLevel:1 ; High quality]]
[2024.11.13-21.25.17:324][  0]LogConfig: Setting CVar [[r.AnisotropicMaterials:1]]
[2024.11.13-21.25.17:324][  0]LogConfig: Setting CVar [[r.SSS.Scale:1]]
[2024.11.13-21.25.17:324][  0]LogConfig: Setting CVar [[r.SSS.SampleSet:2]]
[2024.11.13-21.25.17:324][  0]LogConfig: Setting CVar [[r.SSS.Quality:1]]
[2024.11.13-21.25.17:324][  0]LogConfig: Setting CVar [[r.SSS.HalfRes:0]]
[2024.11.13-21.25.17:324][  0]LogConfig: Setting CVar [[r.SSGI.Quality:3]]
[2024.11.13-21.25.17:324][  0]LogConfig: Setting CVar [[r.EmitterSpawnRateScale:1.0]]
[2024.11.13-21.25.17:324][  0]LogConfig: Setting CVar [[r.ParticleLightQuality:2]]
[2024.11.13-21.25.17:324][  0]LogConfig: Setting CVar [[r.SkyAtmosphere.AerialPerspectiveLUT.FastApplyOnOpaque:1 ; Always have FastSkyLUT 1 in this case to avoid wrong sky]]
[2024.11.13-21.25.17:324][  0]LogConfig: Setting CVar [[r.SkyAtmosphere.AerialPerspectiveLUT.SampleCountMaxPerSlice:4]]
[2024.11.13-21.25.17:324][  0]LogConfig: Setting CVar [[r.SkyAtmosphere.AerialPerspectiveLUT.DepthResolution:16.0]]
[2024.11.13-21.25.17:324][  0]LogConfig: Setting CVar [[r.SkyAtmosphere.FastSkyLUT:1]]
[2024.11.13-21.25.17:324][  0]LogConfig: Setting CVar [[r.SkyAtmosphere.FastSkyLUT.SampleCountMin:4.0]]
[2024.11.13-21.25.17:324][  0]LogConfig: Setting CVar [[r.SkyAtmosphere.FastSkyLUT.SampleCountMax:128.0]]
[2024.11.13-21.25.17:324][  0]LogConfig: Setting CVar [[r.SkyAtmosphere.SampleCountMin:4.0]]
[2024.11.13-21.25.17:324][  0]LogConfig: Setting CVar [[r.SkyAtmosphere.SampleCountMax:128.0]]
[2024.11.13-21.25.17:324][  0]LogConfig: Setting CVar [[r.SkyAtmosphere.TransmittanceLUT.UseSmallFormat:0]]
[2024.11.13-21.25.17:324][  0]LogConfig: Setting CVar [[r.SkyAtmosphere.TransmittanceLUT.SampleCount:10.0]]
[2024.11.13-21.25.17:324][  0]LogConfig: Setting CVar [[r.SkyAtmosphere.MultiScatteringLUT.SampleCount:15.0]]
[2024.11.13-21.25.17:324][  0]LogConfig: Setting CVar [[r.SkyLight.RealTimeReflectionCapture:1]]
[2024.11.13-21.25.17:324][  0]LogConfig: Applying CVar settings from Section [FoliageQuality@3] File [C:/Users/abbey/Desktop/Projects/Unreal/FPS2/Saved/Config/Windows/Scalability.ini]
[2024.11.13-21.25.17:324][  0]LogConfig: Setting CVar [[foliage.DensityScale:1.0]]
[2024.11.13-21.25.17:324][  0]LogConfig: Setting CVar [[grass.DensityScale:1.0]]
[2024.11.13-21.25.17:324][  0]LogConfig: Applying CVar settings from Section [ShadingQuality@3] File [C:/Users/abbey/Desktop/Projects/Unreal/FPS2/Saved/Config/Windows/Scalability.ini]
[2024.11.13-21.25.17:324][  0]LogConfig: Setting CVar [[r.HairStrands.SkyLighting.IntegrationType:2]]
[2024.11.13-21.25.17:324][  0]LogConfig: Setting CVar [[r.HairStrands.SkyAO.SampleCount:4]]
[2024.11.13-21.25.17:324][  0]LogConfig: Setting CVar [[r.HairStrands.Visibility.MSAA.SamplePerPixel:4]]
[2024.11.13-21.25.17:324][  0]LogConfig: Applying CVar settings from Section [Startup] File [../../../Engine/Config/ConsoleVariables.ini]
[2024.11.13-21.25.17:334][  0]LogConfig: Setting CVar [[net.UseAdaptiveNetUpdateFrequency:0]]
[2024.11.13-21.25.17:334][  0]LogConfig: Setting CVar [[p.chaos.AllowCreatePhysxBodies:1]]
[2024.11.13-21.25.17:334][  0]LogConfig: Setting CVar [[fx.SkipVectorVMBackendOptimizations:1]]
[2024.11.13-21.25.17:334][  0]LogConfig: Applying CVar settings from Section [ConsoleVariables] File [C:/Users/abbey/Desktop/Projects/Unreal/FPS2/Saved/Config/Windows/Engine.ini]
[2024.11.13-21.25.17:334][  0]LogConfig: Applying CVar settings from Section [ConsoleVariables] File [C:/Users/abbey/Desktop/Projects/Unreal/FPS2/Saved/Config/Windows/Editor.ini]
[2024.11.13-21.25.17:334][  0]LogInit: Computer: HILDA-HILDA
[2024.11.13-21.25.17:334][  0]LogInit: User: abbey
[2024.11.13-21.25.17:334][  0]LogInit: CPU Page size=4096, Cores=6
[2024.11.13-21.25.17:334][  0]LogInit: High frequency timer resolution =10.000000 MHz
[2024.11.13-21.25.17:334][  0]LogMemory: Memory total: Physical=15.9GB (16GB approx)
[2024.11.13-21.25.17:334][  0]LogMemory: Platform Memory Stats for Windows
[2024.11.13-21.25.17:334][  0]LogMemory: Process Physical Memory: 148.02 MB used, 151.50 MB peak
[2024.11.13-21.25.17:334][  0]LogMemory: Process Virtual Memory: 135.21 MB used, 135.21 MB peak
[2024.11.13-21.25.17:334][  0]LogMemory: Physical Memory: 12387.60 MB used,  3944.91 MB free, 16332.52 MB total
[2024.11.13-21.25.17:334][  0]LogMemory: Virtual Memory: 134213376.00 MB used,  4350.45 MB free, 134217728.00 MB total
[2024.11.13-21.25.17:341][  0]LogWindows: WindowsPlatformFeatures enabled
[2024.11.13-21.25.17:388][  0]LogInit: Physics initialised using underlying interface: PhysX
[2024.11.13-21.25.17:389][  0]LogInit: Using OS detected language (en-US).
[2024.11.13-21.25.17:389][  0]LogInit: Using OS detected locale (en-US).
[2024.11.13-21.25.17:393][  0]LogTextLocalizationManager: No specific localization for 'en-US' exists, so the 'en' localization will be used.
[2024.11.13-21.25.17:576][  0]LogInit: Setting process to per monitor DPI aware
[2024.11.13-21.25.17:594][  0]LogWindowsTextInputMethodSystem: Display: IME system deactivated.
[2024.11.13-21.25.17:617][  0]LogSlate: New Slate User Created.  User Index 0, Is Virtual User: 0
[2024.11.13-21.25.17:617][  0]LogSlate: Slate User Registered.  User Index 0, Is Virtual User: 0
[2024.11.13-21.25.17:775][  0]LogD3D11RHI: Loaded GFSDK_Aftermath_Lib.x64.dll
[2024.11.13-21.25.17:846][  0]LogHMD: Optional extension XR_VARJO_quad_views is not available
[2024.11.13-21.25.17:846][  0]LogHMD: Warning: Required extension XR_EXT_eye_gaze_interaction is not available
[2024.11.13-21.25.17:846][  0]LogHMD: Could not enable all required OpenXR extensions for OpenXREyeTracker on current system. This plugin will be loaded but ignored, but will be enabled on a target platform that supports the required extension.
[2024.11.13-21.25.17:850][  0]LogHMD: Failed to get an OpenXR system, result is XR_ERROR_FORM_FACTOR_UNAVAILABLE. Please check that your runtime supports VR headsets.
[2024.11.13-21.25.17:850][  0]LogD3D11RHI: D3D11 min allowed feature level: 11_0
[2024.11.13-21.25.17:850][  0]LogD3D11RHI: D3D11 max allowed feature level: 11_0
[2024.11.13-21.25.17:850][  0]LogD3D11RHI: D3D11 adapters:
[2024.11.13-21.25.17:896][  0]LogD3D11RHI:    0. 'Radeon RX 580 Series' (Feature Level 11_0)
[2024.11.13-21.25.17:896][  0]LogD3D11RHI:       8135/0/8166 MB DedicatedVideo/DedicatedSystem/SharedSystem, Outputs:2, VendorId:0x1002
[2024.11.13-21.25.17:898][  0]LogD3D11RHI:    1. 'Microsoft Basic Render Driver' (Feature Level 11_0)
[2024.11.13-21.25.17:898][  0]LogD3D11RHI:       0/0/8166 MB DedicatedVideo/DedicatedSystem/SharedSystem, Outputs:0, VendorId:0x1414
[2024.11.13-21.25.17:898][  0]LogD3D11RHI: Chosen D3D11 Adapter:
[2024.11.13-21.25.17:898][  0]LogD3D11RHI:     Description : Radeon RX 580 Series
[2024.11.13-21.25.17:898][  0]LogD3D11RHI:     VendorId    : 1002
[2024.11.13-21.25.17:898][  0]LogD3D11RHI:     DeviceId    : 67df
[2024.11.13-21.25.17:898][  0]LogD3D11RHI:     SubSysId    : 34181462
[2024.11.13-21.25.17:898][  0]LogD3D11RHI:     Revision    : 00e7
[2024.11.13-21.25.17:898][  0]LogD3D11RHI:     DedicatedVideoMemory : 8531038208 bytes
[2024.11.13-21.25.17:898][  0]LogD3D11RHI:     DedicatedSystemMemory : 0 bytes
[2024.11.13-21.25.17:898][  0]LogD3D11RHI:     SharedSystemMemory : 8562941952 bytes
[2024.11.13-21.25.17:898][  0]LogD3D11RHI:     AdapterLuid : 0 65853
[2024.11.13-21.25.17:906][  0]LogD3D11RHI: Creating new Direct3DDevice
[2024.11.13-21.25.17:906][  0]LogD3D11RHI:     GPU DeviceId: 0x67df (for the marketing name, search the web for "GPU Device Id")
[2024.11.13-21.25.17:906][  0]LogWindows: EnumDisplayDevices:
[2024.11.13-21.25.17:907][  0]LogWindows:    0. 'Radeon RX 580 Series' (P:0 D:1)
[2024.11.13-21.25.17:907][  0]LogWindows:    1. 'Radeon RX 580 Series' (P:1 D:1)
[2024.11.13-21.25.17:907][  0]LogWindows:    2. 'Radeon RX 580 Series' (P:0 D:0)
[2024.11.13-21.25.17:908][  0]LogWindows:    3. 'Radeon RX 580 Series' (P:0 D:0)
[2024.11.13-21.25.17:908][  0]LogWindows:    4. 'Radeon RX 580 Series' (P:0 D:0)
[2024.11.13-21.25.17:908][  0]LogWindows:    5. 'Radeon RX 580 Series' (P:0 D:0)
[2024.11.13-21.25.17:908][  0]LogWindows:    6. 'Radeon RX 580 Series' (P:0 D:0)
[2024.11.13-21.25.17:909][  0]LogWindows: DebugString: FoundDriverCount:7 
[2024.11.13-21.25.17:909][  0]LogD3D11RHI:     Adapter Name: Radeon RX 580 Series
[2024.11.13-21.25.17:909][  0]LogD3D11RHI:   Driver Version: AMD Software: Adrenalin Edition 24.9.1 (internal:31.0.21921.1000, unified:31.0.21921.1000)
[2024.11.13-21.25.17:909][  0]LogD3D11RHI:      Driver Date: 8-19-2024
[2024.11.13-21.25.17:909][  0]LogRHI: Texture pool is 5157 MB (70% of 7367 MB)
[2024.11.13-21.25.17:953][  0]LogD3D11RHI: Creating D3DDevice with AMD AGS, using adapter:
[2024.11.13-21.25.17:953][  0]LogD3D11RHI:     Description : Radeon RX 580 Series
[2024.11.13-21.25.17:953][  0]LogD3D11RHI:     VendorId    : 1002
[2024.11.13-21.25.17:953][  0]LogD3D11RHI:     DeviceId    : 67df
[2024.11.13-21.25.17:953][  0]LogD3D11RHI:     SubSysId    : 34181462
[2024.11.13-21.25.17:953][  0]LogD3D11RHI:     Revision    : 00e7
[2024.11.13-21.25.17:953][  0]LogD3D11RHI:     DedicatedVideoMemory : 8531038208 bytes
[2024.11.13-21.25.17:953][  0]LogD3D11RHI:     DedicatedSystemMemory : 0 bytes
[2024.11.13-21.25.17:953][  0]LogD3D11RHI:     SharedSystemMemory : 8562941952 bytes
[2024.11.13-21.25.17:953][  0]LogD3D11RHI:     AdapterLuid : 0 65853
[2024.11.13-21.25.17:991][  0]LogD3D11RHI: Created device via AGS, feature level 11_0, supported extensions 1fffffbf.
[2024.11.13-21.25.17:991][  0]LogD3D11RHI: RHI has support for 64 bit atomics
[2024.11.13-21.25.17:991][  0]LogD3D11RHI: Async texture creation enabled
[2024.11.13-21.25.17:991][  0]LogD3D11RHI: Array index from any shader is supported
[2024.11.13-21.25.17:991][  0]LogD3D11RHI: HDR output is supported on display 0 (AMD Device: 0x0, Display: 0x0).
[2024.11.13-21.25.18:002][  0]LogD3D11RHI: GPU Timing Frequency: 25.000000 (Debug: 2 1)
[2024.11.13-21.25.18:300][  0]LogTargetPlatformManager: Display: Loaded TargetPlatform 'AllDesktop'
[2024.11.13-21.25.18:324][  0]LogTargetPlatformManager: Display: Loaded TargetPlatform 'Android'
[2024.11.13-21.25.18:324][  0]LogTargetPlatformManager: Display: Loaded TargetPlatform 'Android_ASTC'
[2024.11.13-21.25.18:324][  0]LogTargetPlatformManager: Display: Loaded TargetPlatform 'Android_DXT'
[2024.11.13-21.25.18:324][  0]LogTargetPlatformManager: Display: Loaded TargetPlatform 'Android_ETC2'
[2024.11.13-21.25.18:324][  0]LogTargetPlatformManager: Display: Loaded TargetPlatform 'AndroidClient'
[2024.11.13-21.25.18:324][  0]LogTargetPlatformManager: Display: Loaded TargetPlatform 'Android_ASTCClient'
[2024.11.13-21.25.18:324][  0]LogTargetPlatformManager: Display: Loaded TargetPlatform 'Android_DXTClient'
[2024.11.13-21.25.18:324][  0]LogTargetPlatformManager: Display: Loaded TargetPlatform 'Android_ETC2Client'
[2024.11.13-21.25.18:324][  0]LogTargetPlatformManager: Display: Loaded TargetPlatform 'Android_Multi'
[2024.11.13-21.25.18:324][  0]LogTargetPlatformManager: Display: Loaded TargetPlatform 'Android_MultiClient'
[2024.11.13-21.25.18:340][  0]LogTargetPlatformManager: Display: Loaded TargetPlatform 'IOSClient'
[2024.11.13-21.25.18:340][  0]LogTargetPlatformManager: Display: Loaded TargetPlatform 'IOS'
[2024.11.13-21.25.18:348][  0]LogTargetPlatformManager: Display: Loaded TargetPlatform 'Linux'
[2024.11.13-21.25.18:351][  0]LogTargetPlatformManager: Display: Loaded TargetPlatform 'LinuxNoEditor'
[2024.11.13-21.25.18:353][  0]LogTargetPlatformManager: Display: Loaded TargetPlatform 'LinuxClient'
[2024.11.13-21.25.18:356][  0]LogTargetPlatformManager: Display: Loaded TargetPlatform 'LinuxServer'
[2024.11.13-21.25.18:365][  0]LogTargetPlatformManager: Display: Loaded TargetPlatform 'LinuxAArch64NoEditor'
[2024.11.13-21.25.18:368][  0]LogTargetPlatformManager: Display: Loaded TargetPlatform 'LinuxAArch64Client'
[2024.11.13-21.25.18:370][  0]LogTargetPlatformManager: Display: Loaded TargetPlatform 'LinuxAArch64Server'
[2024.11.13-21.25.18:395][  0]LogTargetPlatformManager: Display: Loaded TargetPlatform 'Lumin'
[2024.11.13-21.25.18:395][  0]LogTargetPlatformManager: Display: Loaded TargetPlatform 'LuminClient'
[2024.11.13-21.25.18:402][  0]LogTargetPlatformManager: Display: Loaded TargetPlatform 'MacNoEditor'
[2024.11.13-21.25.18:405][  0]LogTargetPlatformManager: Display: Loaded TargetPlatform 'Mac'
[2024.11.13-21.25.18:408][  0]LogTargetPlatformManager: Display: Loaded TargetPlatform 'MacClient'
[2024.11.13-21.25.18:410][  0]LogTargetPlatformManager: Display: Loaded TargetPlatform 'MacServer'
[2024.11.13-21.25.18:419][  0]LogTargetPlatformManager: Display: Loaded TargetPlatform 'TVOSClient'
[2024.11.13-21.25.18:419][  0]LogTargetPlatformManager: Display: Loaded TargetPlatform 'TVOS'
[2024.11.13-21.25.18:427][  0]LogTargetPlatformManager: Display: Loaded TargetPlatform 'WindowsNoEditor'
[2024.11.13-21.25.18:431][  0]LogTargetPlatformManager: Display: Loaded TargetPlatform 'Windows'
[2024.11.13-21.25.18:435][  0]LogTargetPlatformManager: Display: Loaded TargetPlatform 'WindowsClient'
[2024.11.13-21.25.18:439][  0]LogTargetPlatformManager: Display: Loaded TargetPlatform 'WindowsServer'
[2024.11.13-21.25.18:439][  0]LogTargetPlatformManager: Display: Building Assets For Windows
[2024.11.13-21.25.18:447][  0]LogAudioDebug: Display: Lib vorbis DLL was dynamically loaded.
[2024.11.13-21.25.18:479][  0]LogTextureFormatOodle: Display: Oodle Texture 2.9.0 init RDO Off
[2024.11.13-21.25.18:507][  0]LogRendererCore: Ray tracing is disabled. Reason: r.RayTracing=0.
[2024.11.13-21.25.18:507][  0]LogShaderCompilers: Guid format shader working directory is -13 characters bigger than the processId version (../../../../../../Users/abbey/Desktop/Projects/Unreal/FPS2/Intermediate/Shaders/WorkingDirectory/12752/).
[2024.11.13-21.25.18:507][  0]LogShaderCompilers: Cleaned the shader compiler working directory 'C:/Users/abbey/AppData/Local/Temp/UnrealShaderWorkingDir/29A8437A4F103EC34FA0A2B40D67B9FC/'.
[2024.11.13-21.25.18:507][  0]LogXGEController: Cannot use XGE Controller as Incredibuild is not installed on this machine.
[2024.11.13-21.25.18:507][  0]LogShaderCompilers: Cannot use XGE Shader Compiler as Incredibuild is not installed on this machine.
[2024.11.13-21.25.18:507][  0]LogShaderCompilers: Display: Using Local Shader Compiler.
[2024.11.13-21.25.19:267][  0]LogDerivedDataCache: Display: Max Cache Size: 512 MB
[2024.11.13-21.25.19:370][  0]LogDerivedDataCache: Loaded boot cache 0.10s 94MB C:/Users/abbey/AppData/Local/UnrealEngine/4.27/DerivedDataCache/Boot.ddc.
[2024.11.13-21.25.19:370][  0]LogDerivedDataCache: Display: Loaded Boot cache: C:/Users/abbey/AppData/Local/UnrealEngine/4.27/DerivedDataCache/Boot.ddc
[2024.11.13-21.25.19:371][  0]LogDerivedDataCache: FDerivedDataBackendGraph:  Pak pak cache file ../../../../../../Users/abbey/Desktop/Projects/Unreal/FPS2/DerivedDataCache/DDC.ddp not found, will not use a pak cache.
[2024.11.13-21.25.19:371][  0]LogDerivedDataCache: Unable to find inner node Pak for hierarchical cache Hierarchy.
[2024.11.13-21.25.19:371][  0]LogDerivedDataCache: FDerivedDataBackendGraph:  CompressedPak pak cache file ../../../../../../Users/abbey/Desktop/Projects/Unreal/FPS2/DerivedDataCache/Compressed.ddp not found, will not use a pak cache.
[2024.11.13-21.25.19:371][  0]LogDerivedDataCache: Unable to find inner node CompressedPak for hierarchical cache Hierarchy.
[2024.11.13-21.25.19:392][  0]LogDerivedDataCache: Display: Pak cache opened for reading ../../../Engine/DerivedDataCache/Compressed.ddp.
[2024.11.13-21.25.19:392][  0]LogDerivedDataCache: FDerivedDataBackendGraph:  EnterprisePak pak cache file ../../../Enterprise/DerivedDataCache/Compressed.ddp not found, will not use a pak cache.
[2024.11.13-21.25.19:392][  0]LogDerivedDataCache: Unable to find inner node EnterprisePak for hierarchical cache Hierarchy.
[2024.11.13-21.25.19:402][  0]LogDerivedDataCache: Speed tests for C:/Users/abbey/AppData/Local/UnrealEngine/Common/DerivedDataCache took 0.01 seconds
[2024.11.13-21.25.19:402][  0]LogDerivedDataCache: Display: Performance to C:/Users/abbey/AppData/Local/UnrealEngine/Common/DerivedDataCache: Latency=0.05ms. RandomReadSpeed=921.30MBs, RandomWriteSpeed=115.60MBs. Assigned SpeedClass 'Local'
[2024.11.13-21.25.19:404][  0]LogDerivedDataCache: Using Local data cache path C:/Users/abbey/AppData/Local/UnrealEngine/Common/DerivedDataCache: Writable
[2024.11.13-21.25.19:404][  0]LogDerivedDataCache: Shared data cache path not found in *engine.ini, will not use an Shared cache.
[2024.11.13-21.25.19:404][  0]LogDerivedDataCache: Unable to find inner node Shared for hierarchical cache Hierarchy.
[2024.11.13-21.25.19:458][  0]LogSlate: Using FreeType 2.10.0
[2024.11.13-21.25.19:459][  0]LogSlate: SlateFontServices - WITH_FREETYPE: 1, WITH_HARFBUZZ: 1
[2024.11.13-21.25.19:459][  0]LogHMD: Failed to get an OpenXR system, result is XR_ERROR_FORM_FACTOR_UNAVAILABLE. Please check that your runtime supports VR headsets.
[2024.11.13-21.25.19:483][  0]LogAssetRegistry: FAssetRegistry took 0.0029 seconds to start up
[2024.11.13-21.25.19:719][  0]LogInit: Selected Device Profile: [Windows]
[2024.11.13-21.25.19:719][  0]LogInit: Active device profile: [000001C0DA07CB00][000001C0CCC7A540 49] Windows
[2024.11.13-21.25.19:719][  0]LogInit: Profiles: [000001C0DA07CB00][000001C0CCC7A540 49] Windows, [000001C0DA046100][000001C0CCC826C0 49] WindowsNoEditor, [000001C0DA07D900][000001C0CCC7E800 49] WindowsServer, [000001C0DA046E00][000001C0CCC86940 49] WindowsClient, [000001C0DA07FC00][000001C0CCC8AA80 49] IOS, [000001C0DA044F00][000001C0CCC8EBC0 49] iPadAir, [000001C0DA07FE00][000001C0CCC96D40 49] iPadAir2, [000001C0DA000D00][000001C0D2CEB000 49] IPadPro, [000001C0DA000E00][000001C0D2CE7040 49] iPadAir3, [000001C0DA047B00][000001C0D2CEF1C0 49] iPadAir4, [000001C0DA003700][000001C0D2CF3340 49] iPadMini2, [000001C0DA047100][000001C0D2CF74C0 49] iPadMini3, [000001C0DA003900][000001C0D2CFB640 49] iPadMini4, [000001C0DA047500][000001C0D2CFF7C0 49] iPadMini5, [000001C0DA02C600][000001C0D2D07A80 49] iPhone6, [000001C0DA02C700][000001C0D2D03AC0 49] iPodTouch6, [000001C0DA07E600][000001C0D2D1A200 49] iPhone7, [000001C0DA07E800][000001C0D2D0A240 49] iPodTouch7, [000001C0DA02C100][000001C0D2D3C3C0 49] iPhone5S, [000001C0DA000700][000001C0D2D56540 49] iPhone6Plus, [000001C0DA02E500][000001C0D2D5A6C0 49] iPhone6S, [000001C0DA001400][000001C0D2D5E840 49] iPhone6SPlus, [000001C0DA02FB00][000001C0CCC92980 49] iPhone7Plus, [000001C0DA003600][000001C0D2D62AC0 49] iPhoneSE, [000001C0DA07EC00][000001C0D953EC00 49] iPhone8, [000001C0DA000600][000001C0D9542D40 49] iPhone8Plus, [000001C0DA07E100][000001C0D954EEC0 49] iPhoneX, [000001C0DA002900][000001C0D9553040 49] iPhoneXS, [000001C0DA07FD00][000001C0D95571C0 49] iPhoneXSMax, [000001C0DA002E00][000001C0D955B340 49] iPhoneXR, [000001C0DA07FF00][000001C0D955F4C0 49] iPhone11, [000001C0DA001F00][000001C0D9563640 49] iPhone11Pro, [000001C0DA07C600][000001C0D95677C0 49] iPhone11ProMax, [000001C0DA002000][000001C0D956B940 49] iPhoneSE2, [000001C0DA07FA00][000001C0D956FAC0 49] iPhone12Mini, [000001C0DA002700][000001C0D95720C0 49] iPhone12, [000001C0DA07EA00][000001C0D9576240 49] iPhone12Pro, [000001C0DA000500][000001C0D957A3C0 49] iPhone12ProMax, [000001C0DA07F900][000001C0DA66A540 49] iPadPro105, [000001C0DA001800][000001C0DA66E6C0 49] iPadPro129, [000001C0DA07CC00][000001C0DA672840 49] iPadPro97, [000001C0DA002400][000001C0DA6769C0 49] iPadPro2_129, [000001C0DA07C800][000001C0DA67AB40 49] iPad5, [000001C0DA000400][000001C0D9546C80 49] iPad6, [000001C0DA07DB00][000001C0DA67EDC0 49] iPad7, [000001C0DA003500][000001C0DA682F00 49] iPad8, [000001C0DA07DF00][000001C0DA68B080 49] iPadPro11, [000001C0DA001A00][000001C0DA68F200 49] iPadPro2_11, [000001C0DA07E500][000001C0DA693380 49] iPadPro3_129, [000001C0DA002200][000001C0DA697500 49] iPadPro4_129, [000001C0DA07D600][000001C0DA69B680 49] AppleTV, [000001C0DA003D00][000001C0DA69F800 49] AppleTV4K, [000001C0DA07DA00][000001C0DA6A3980 49] TVOS, [000001C0DA000A00][000001C0DA6A7B00 49] Mac, [000001C0DA07E400][000001C0DA6AA100 49] MacClient, [000001C0DA002C00][000001C0DA6AE280 49] MacNoEditor, [000001C0DA07F500][000001C0DA6B2400 49] MacServer, [000001C0DA002300][000001C0DA6B6580 49] Linux, [000001C0DA07C300][000001C0DA6BA700 49] LinuxAArch64, [000001C0DA002100][000001C0DA6BE880 49] LinuxNoEditor, [000001C0DA07E300][000001C0DA6C2A00 49] LinuxAArch64NoEditor, [000001C0DA003C00][000001C0DA6C6B80 49] LinuxClient, [000001C0DA07CF00][000001C0DA6CAD00 49] LinuxAArch64Client, [000001C0DA001200][000001C0DA686E40 49] LinuxServer, [000001C0DA07F000][000001C0DA6CEF80 49] LinuxAArch64Server, [000001C0DA001600][000001C0DA6D30C0 49] Android, [000001C0DA07D200][000001C0DA6DB240 49] Android_Low, [000001C0DA003E00][000001C0DA6DF3C0 49] Android_Mid, [000001C0DA07C100][000001C0DA6E3540 49] Android_High, [000001C0DA002A00][000001C0DA6E76C0 49] Android_Default, [000001C0DA07D300][000001C0DA6EB840 49] Android_Adreno4xx, [000001C0DA046300][000001C0DA6EF9C0 49] Android_Adreno5xx_Low, [000001C0DA02DC00][000001C0DA6F3B40 49] Android_Adreno5xx, [000001C0DA047E00][000001C0DA6F6140 49] Android_Adreno6xx, [000001C0DA02E700][000001C0DA6FA2C0 49] Android_Adreno6xx_Vulkan, [000001C0DA047600][000001C0DA6FE440 49] Android_Mali_T6xx, [000001C0DA02CF00][000001C0DA7025C0 49] Android_Mali_T7xx, [000001C0DA045B00][000001C0DA706740 49] Android_Mali_T8xx, [000001C0DA02DF00][000001C0DA70A8C0 49] Android_Mali_G71, [000001C0DA046C00][000001C0DA70EA40 49] Android_Mali_G72, [000001C0DA02EF00][000001C0DA712BC0 49] Android_Mali_G72_Vulkan, [000001C0DA046500][000001C0DA716D40 49] Android_Mali_G76, [000001C0DA02E200][000001C0DA71AEC0 49] Android_Mali_G76_Vulkan, [000001C0DA044E00][000001C0DA6D7000 49] Android_Mali_G77, [000001C0DA02D400][000001C0DA71F140 49] Android_Mali_G77_Vulkan, [000001C0DA047700][000001C0DA723280 49] Android_Mali_G78, [000001C0DA02D300][000001C0DA7273C0 49] Android_Mali_G78_Vulkan, [000001C0DA045500][000001C0DA72F540 49] Android_Mali_G710, [000001C0DA02FD00][000001C0DA7336C0 49] Android_Mali_G710_Vulkan, [000001C0DA044700][000001C0DA737840 49] Android_Vulkan_SM5, [000001C0DA02DB00][000001C0DA73B9C0 49] Android_PowerVR_G6xxx, [000001C0DA044A00][000001C0DA73FB40 49] Android_PowerVR_GT7xxx, [000001C0DA02C200][000001C0DA742140 49] Android_PowerVR_GE8xxx, [000001C0DA047800][000001C0DA7462C0 49] Android_PowerVR_GM9xxx, [000001C0DA02CA00][000001C0DA74A440 49] Android_PowerVR_GM9xxx_Vulkan, [000001C0DA045000][000001C0DA74E5C0 49] Android_TegraK1, [000001C0DA02D700][000001C0DA752740 49] Android_Unknown_Vulkan, [000001C0DA045800][000001C0DA7568C0 49] Lumin, [000001C0DA02FC00][000001C0DA75AA40 49] Lumin_Desktop, [000001C0DA045600][000001C0DA75EBC0 49] HoloLens, 
[2024.11.13-21.25.19:838][  0]LogMeshReduction: Using QuadricMeshReduction for automatic static mesh reduction
[2024.11.13-21.25.19:838][  0]LogMeshReduction: Using SimplygonMeshReduction for automatic skeletal mesh reduction
[2024.11.13-21.25.19:838][  0]LogMeshReduction: Using ProxyLODMeshReduction for automatic mesh merging
[2024.11.13-21.25.19:838][  0]LogMeshReduction: No distributed automatic mesh merging module available
[2024.11.13-21.25.19:838][  0]LogMeshMerging: No distributed automatic mesh merging module available
[2024.11.13-21.25.19:859][  0]LogNetVersion: FPS2 1.0.0, NetCL: 17155196, EngineNetVer: 17, GameNetVer: 0 (Checksum: 752729028)
[2024.11.13-21.25.20:267][  0]LogTexture: Default maximum texture size for cubemaps generated from long-lat sources has been changed from 512 to unlimited. In order to preserve old behaiour for '/Engine/MapTemplates/Sky/DaylightAmbientCubemap.DaylightAmbientCubemap', its maximum texture size has been explicitly set to 512.
[2024.11.13-21.25.20:331][  0]LogHMD: PokeAHoleMaterial loaded successfully
[2024.11.13-21.25.20:337][  0]LogUObjectArray: 17075 objects as part of root set at end of initial load.
[2024.11.13-21.25.20:337][  0]LogUObjectAllocator: 4275792 out of 0 bytes used by permanent object pool.
[2024.11.13-21.25.20:337][  0]LogUObjectArray: CloseDisregardForGC: 0/0 objects in disregard for GC pool
[2024.11.13-21.25.20:606][  0]LogNiagaraDebuggerClient: Niagara Debugger Client Initialized | Session: D2A9C2594103B00FA04F67B33B4654D3 | Instance: 686E89244B01E24CD3086ABD737A7AE3 (HILDA-HILDA-12752).
[2024.11.13-21.25.20:639][  0]LogPython: Using Python 3.7.7
[2024.11.13-21.25.21:262][  0]LogTcpMessaging: Initializing TcpMessaging bridge
[2024.11.13-21.25.21:268][  0]LogUdpMessaging: Initializing bridge on interface 0.0.0.0:0 to multicast group 230.0.0.1:6666.
[2024.11.13-21.25.21:470][  0]SourceControl: Source control is disabled
[2024.11.13-21.25.21:470][  0]SourceControl: Source control is disabled
[2024.11.13-21.25.21:473][  0]SourceControl: Source control is disabled
[2024.11.13-21.25.21:476][  0]SourceControl: Source control is disabled
[2024.11.13-21.25.21:484][  0]SourceControl: Source control is disabled
[2024.11.13-21.25.21:495][  0]LogUProjectInfo: Found projects:
[2024.11.13-21.25.21:713][  0]LogOpenImageDenoise: OIDN starting up
[2024.11.13-21.25.21:742][  0]LogAndroidPermission: UAndroidPermissionCallbackProxy::GetInstance
[2024.11.13-21.25.21:763][  0]LogAudioCaptureCore: Display: No Audio Capture implementations found. Audio input will be silent.
[2024.11.13-21.25.21:763][  0]LogAudioCaptureCore: Display: No Audio Capture implementations found. Audio input will be silent.
[2024.11.13-21.25.21:914][  0]LogCollectionManager: Loaded 0 collections in 0.001977 seconds
[2024.11.13-21.25.21:942][  0]LogFileCache: Scanning file cache for directory 'C:/Users/abbey/Desktop/Projects/Unreal/FPS2/Saved/Collections/' took 0.00s
[2024.11.13-21.25.21:942][  0]LogFileCache: Scanning file cache for directory 'C:/Users/abbey/Desktop/Projects/Unreal/FPS2/Content/Developers/abbey/Collections/' took 0.00s
[2024.11.13-21.25.21:942][  0]LogFileCache: Scanning file cache for directory 'C:/Users/abbey/Desktop/Projects/Unreal/FPS2/Content/Collections/' took 0.00s
[2024.11.13-21.25.21:942][  0]LogOcInput: OculusInput pre-init called
[2024.11.13-21.25.22:224][  0]LogEngine: Initializing Engine...
[2024.11.13-21.25.22:225][  0]LogHMD: Failed to get an OpenXR system, result is XR_ERROR_FORM_FACTOR_UNAVAILABLE. Please check that your runtime supports VR headsets.
[2024.11.13-21.25.22:225][  0]LogMagicLeap: Warning: VR disabled because ZI is not enabled.  To enable, in the editor, Edit -> Project Settings -> Plugins -> Magic Leap Plugin -> Enable Zero Iteration
[2024.11.13-21.25.22:225][  0]LogStats: UGameplayTagsManager::InitializeManager -  0.000 s
[2024.11.13-21.25.22:372][  0]LogInit: Initializing FReadOnlyCVARCache
[2024.11.13-21.25.22:383][  0]LogAIModule: Creating AISystem for world Untitled
[2024.11.13-21.25.22:383][  0]LogAudio: Display: Initializing Audio Device Manager...
[2024.11.13-21.25.22:387][  0]LogAudio: Display: Loading Default Audio Settings Objects...
[2024.11.13-21.25.22:387][  0]LogAudio: Display: No default SoundConcurrencyObject specified (or failed to load).
[2024.11.13-21.25.22:388][  0]LogAudio: Display: Audio Device Manager Initialized
[2024.11.13-21.25.22:388][  0]LogAudio: Display: Creating Audio Device:                 Id: 1, Scope: Shared, Realtime: True
[2024.11.13-21.25.22:388][  0]LogAudioMixer: Display: Audio Mixer Platform Settings:
[2024.11.13-21.25.22:388][  0]LogAudioMixer: Display: 	Sample Rate:						  48000
[2024.11.13-21.25.22:388][  0]LogAudioMixer: Display: 	Callback Buffer Frame Size Requested: 1024
[2024.11.13-21.25.22:388][  0]LogAudioMixer: Display: 	Callback Buffer Frame Size To Use:	  1024
[2024.11.13-21.25.22:388][  0]LogAudioMixer: Display: 	Number of buffers to queue:			  2
[2024.11.13-21.25.22:388][  0]LogAudioMixer: Display: 	Max Channels (voices):				  32
[2024.11.13-21.25.22:388][  0]LogAudioMixer: Display: 	Number of Async Source Workers:		  0
[2024.11.13-21.25.22:388][  0]LogAudio: Display: AudioDevice MaxSources: 32
[2024.11.13-21.25.22:388][  0]LogAudio: Display: Audio Spatialization Plugin: None (built-in).
[2024.11.13-21.25.22:388][  0]LogAudio: Display: Audio Reverb Plugin: None (built-in).
[2024.11.13-21.25.22:388][  0]LogAudio: Display: Audio Occlusion Plugin: None (built-in).
[2024.11.13-21.25.22:388][  0]LogAudioMixer: Display: Initializing audio mixer.
[2024.11.13-21.25.22:415][  0]LogAudioMixer: Display: 0: FrontLeft
[2024.11.13-21.25.22:416][  0]LogAudioMixer: Display: 1: FrontRight
[2024.11.13-21.25.22:438][  0]LogAudioMixer: Display: Using Audio Device Speakers (Realtek(R) Audio)
[2024.11.13-21.25.22:440][  0]LogAudioMixer: Display: Initializing Sound Submixes...
[2024.11.13-21.25.22:443][  0]LogAudioMixer: Display: Creating Master Submix 'MasterSubmixDefault'
[2024.11.13-21.25.22:443][  0]LogAudioMixer: Display: Creating Master Submix 'MasterReverbSubmixDefault'
[2024.11.13-21.25.22:444][  0]LogAudioMixer: Display: Creating Master Submix 'MasterEQSubmixDefault'
[2024.11.13-21.25.22:444][  0]LogAudioMixer: FMixerPlatformXAudio2::StartAudioStream() called
[2024.11.13-21.25.22:444][  0]LogAudioMixer: Display: Output buffers initialized: Frames=1024, Channels=2, Samples=2048
[2024.11.13-21.25.22:445][  0]LogAudioMixer: Display: Starting AudioMixerPlatformInterface::RunInternal()
[2024.11.13-21.25.22:445][  0]LogAudioMixer: Display: FMixerPlatformXAudio2::SubmitBuffer() called for the first time
[2024.11.13-21.25.22:445][  0]LogInit: FAudioDevice initialized.
[2024.11.13-21.25.22:446][  0]LogAudio: Display: Audio Device (ID: 1) registered with world 'Untitled'.
[2024.11.13-21.25.22:446][  0]LogNetVersion: Set ProjectVersion to 1.0.0.0. Version Checksum will be recalculated on next use.
[2024.11.13-21.25.22:546][  0]LogDerivedDataCache: Saved boot cache 0.10s 94MB C:/Users/abbey/AppData/Local/UnrealEngine/4.27/DerivedDataCache/Boot.ddc.
[2024.11.13-21.25.22:546][  0]LogInit: Texture streaming: Enabled
[2024.11.13-21.25.22:559][  0]LogAnalytics: Display: [UEEditor.Rocket.Release] APIServer = https://datarouter.ol.epicgames.com/. AppVersion = 4.27.2-18319896+++UE4+Release-4.27
[2024.11.13-21.25.22:562][  0]LogEngineSessionManager: EngineSessionManager initialized
[2024.11.13-21.25.22:562][  0]LogEditorSessionSummary: Verbose: Initializing EditorSessionSummaryWriter for editor session tracking
[2024.11.13-21.25.22:563][  0]LogEditorSessionSummary: EditorSessionSummaryWriter initialized
[2024.11.13-21.25.22:595][  0]LogInit: Transaction tracking system initialized
[2024.11.13-21.25.22:615][  0]BlueprintLog: New page: Editor Load
[2024.11.13-21.25.22:671][  0]LocalizationService: Localization service is disabled
[2024.11.13-21.25.22:739][  0]TimingProfiler: Initialize
[2024.11.13-21.25.22:739][  0]TimingProfiler: OnSessionChanged
[2024.11.13-21.25.22:739][  0]LoadingProfiler: Initialize
[2024.11.13-21.25.22:739][  0]LoadingProfiler: OnSessionChanged
[2024.11.13-21.25.22:739][  0]NetworkingProfiler: Initialize
[2024.11.13-21.25.22:739][  0]NetworkingProfiler: OnSessionChanged
[2024.11.13-21.25.22:739][  0]MemoryProfiler: Initialize
[2024.11.13-21.25.22:739][  0]MemoryProfiler: OnSessionChanged
[2024.11.13-21.25.22:958][  0]LogCook: Display: CookSettings for Memory: MemoryMaxUsedVirtual 0MiB, MemoryMaxUsedPhysical 16384MiB, MemoryMinFreeVirtual 0MiB, MemoryMinFreePhysical 1024MiB
[2024.11.13-21.25.22:958][  0]LogCook: Display: Mobile HDR setting 1
[2024.11.13-21.25.23:184][  0]LogFileCache: Scanning file cache for directory 'C:/Users/abbey/Desktop/Projects/Unreal/FPS2/Content/' took 0.01s
[2024.11.13-21.25.23:184][  0]LogInit: Display: Engine is initialized. Leaving FEngineLoop::Init()
[2024.11.13-21.25.23:187][  0]SourceControl: Source control is disabled
[2024.11.13-21.25.23:188][  0]LogUnrealEdMisc: Loading editor; pre map load, took 8.114
[2024.11.13-21.25.23:188][  0]Cmd: MAP LOAD FILE="../../../../../../Users/abbey/Desktop/Projects/Unreal/FPS2/Content/FirstPersonBP/Maps/FirstPersonExampleMap.umap" TEMPLATE=0 SHOWPROGRESS=1 FEATURELEVEL=3
[2024.11.13-21.25.23:250][  0]LightingResults: New page: Lighting Build
[2024.11.13-21.25.23:252][  0]LogWorld: UWorld::CleanupWorld for Untitled, bSessionEnded=true, bCleanupResources=true
[2024.11.13-21.25.23:252][  0]LogSlate: InvalidateAllWidgets triggered.  All widgets were invalidated
[2024.11.13-21.25.23:252][  0]MapCheck: New page: Map Check
[2024.11.13-21.25.23:252][  0]LightingResults: New page: Lighting Build
[2024.11.13-21.25.23:257][  0]LogAudio: Display: Audio Device unregistered from world 'None'.
[2024.11.13-21.25.23:261][  0]LogUObjectHash: Compacting FUObjectHashTables data took   0.98ms
[2024.11.13-21.25.23:793][  0]LogLinker: Warning: [AssetLog] C:\Users\abbey\Desktop\Projects\Unreal\FPS2\Content\FirstPersonBP\Blueprints\BP_Destructible.uasset: Failed to load '/Game/FirstPersonBP/Cube': Can't find file.
[2024.11.13-21.25.23:793][  0]LogLinker: Warning: [AssetLog] C:\Users\abbey\Desktop\Projects\Unreal\FPS2\Content\FirstPersonBP\Blueprints\BP_Destructible.uasset: Failed to load '/Game/FirstPersonBP/Cube': Can't find file.
[2024.11.13-21.25.23:794][  0]LogLinker: Warning: [AssetLog] C:\Users\abbey\Desktop\Projects\Unreal\FPS2\Content\FirstPersonBP\Blueprints\BP_Destructible.uasset: Failed to load '/Game/FirstPersonBP/Cube': Can't find file.
[2024.11.13-21.25.23:794][  0]LogLinker: Warning: [AssetLog] C:\Users\abbey\Desktop\Projects\Unreal\FPS2\Content\FirstPersonBP\Maps\FirstPersonExampleMap.umap: Failed to load '/Game/FirstPersonBP/Cube': Can't find file.
[2024.11.13-21.25.23:794][  0]LogLinker: Warning: [AssetLog] C:\Users\abbey\Desktop\Projects\Unreal\FPS2\Content\FirstPersonBP\Maps\FirstPersonExampleMap.umap: Failed to load '/Game/FirstPersonBP/Cube': Can't find file.
[2024.11.13-21.25.23:795][  0]LogLinker: Warning: [AssetLog] C:\Users\abbey\Desktop\Projects\Unreal\FPS2\Content\FirstPersonBP\Maps\FirstPersonExampleMap.umap: Failed to load '/Game/FirstPersonBP/Cube': Can't find file.
[2024.11.13-21.25.23:795][  0]LoadErrors: Failed to load /Game/FirstPersonBP/Cube.Cube Referenced by Cube_GEN_VARIABLE
[2024.11.13-21.25.24:225][  0]LogAudio: Display: Audio Device (ID: 1) registered with world 'FirstPersonExampleMap'.
[2024.11.13-21.25.24:226][  0]LogAIModule: Creating AISystem for world FirstPersonExampleMap
[2024.11.13-21.25.24:240][  0]LogEditorServer: Finished looking for orphan Actors (0.000 secs)
[2024.11.13-21.25.24:254][  0]LogUObjectHash: Compacting FUObjectHashTables data took   1.18ms
[2024.11.13-21.25.24:255][  0]Cmd: MAP CHECKDEP NOCLEARLOG
[2024.11.13-21.25.24:255][  0]MapCheck: Map check complete: 0 Error(s), 0 Warning(s), took 0.188ms to complete.
[2024.11.13-21.25.24:255][  0]LogFileHelpers: Loading map 'FirstPersonExampleMap' took 1.068
[2024.11.13-21.25.24:258][  0]LogUnrealEdMisc: Total Editor Startup Time, took 9.185
[2024.11.13-21.25.24:386][  0]LogSlate: Updating window title bar state: overlay mode, drag disabled, window buttons hidden, title bar hidden
[2024.11.13-21.25.24:393][  0]LogSlate: Updating window title bar state: overlay mode, drag disabled, window buttons hidden, title bar hidden
[2024.11.13-21.25.24:399][  0]LogSlate: Updating window title bar state: overlay mode, drag disabled, window buttons hidden, title bar hidden
[2024.11.13-21.25.24:405][  0]LogSlate: Updating window title bar state: overlay mode, drag disabled, window buttons hidden, title bar hidden
[2024.11.13-21.25.24:419][  0]LogNativeClassHierarchy: Verbose: Native class hierarchy populated in 0.0103 seconds. Added 3823 classes and 926 folders.
[2024.11.13-21.25.24:421][  0]LogNativeClassHierarchy: Verbose: Native class hierarchy updated for 'WidgetCarousel' in 0.0002 seconds. Added 0 classes and 0 folders.
[2024.11.13-21.25.24:422][  0]LogPakFile: PakFile PrimaryIndexSize=187
[2024.11.13-21.25.24:422][  0]LogPakFile: PakFile PathHashIndexSize=101
[2024.11.13-21.25.24:422][  0]LogPakFile: PakFile FullDirectoryIndexSize=148
[2024.11.13-21.25.24:423][  0]LogShaderLibrary: Display: ShaderCodeLibraryPakFileMountedCallback: PakFile 'C:/Program Files/Epic Games/UE_4.27/FeaturePacks/FP_FirstPerson.upack' (chunk index -1, root 'root:/') mounted
[2024.11.13-21.25.24:423][  0]LogShaderLibrary: Display: ShaderCodeLibraryPakFileMountedCallback: pending pak file info (ChunkID:-1 Root:root:/ File:C:/Program Files/Epic Games/UE_4.27/FeaturePacks/FP_FirstPerson.upack)
[2024.11.13-21.25.24:423][  0]LogPakFile: OnPakFileMounted2Time == 0.000051
[2024.11.13-21.25.24:423][  0]LogPakFile: PakFile PrimaryIndexSize=189
[2024.11.13-21.25.24:423][  0]LogPakFile: PakFile PathHashIndexSize=101
[2024.11.13-21.25.24:423][  0]LogPakFile: PakFile FullDirectoryIndexSize=152
[2024.11.13-21.25.24:423][  0]LogShaderLibrary: Display: ShaderCodeLibraryPakFileMountedCallback: PakFile 'C:/Program Files/Epic Games/UE_4.27/FeaturePacks/FP_FirstPersonBP.upack' (chunk index -1, root 'root:/') mounted
[2024.11.13-21.25.24:423][  0]LogShaderLibrary: Display: ShaderCodeLibraryPakFileMountedCallback: pending pak file info (ChunkID:-1 Root:root:/ File:C:/Program Files/Epic Games/UE_4.27/FeaturePacks/FP_FirstPersonBP.upack)
[2024.11.13-21.25.24:423][  0]LogPakFile: OnPakFileMounted2Time == 0.000034
[2024.11.13-21.25.24:424][  0]LogPakFile: PakFile PrimaryIndexSize=191
[2024.11.13-21.25.24:424][  0]LogPakFile: PakFile PathHashIndexSize=101
[2024.11.13-21.25.24:424][  0]LogPakFile: PakFile FullDirectoryIndexSize=160
[2024.11.13-21.25.24:424][  0]LogShaderLibrary: Display: ShaderCodeLibraryPakFileMountedCallback: PakFile 'C:/Program Files/Epic Games/UE_4.27/FeaturePacks/MobileStarterContent.upack' (chunk index -1, root 'root:/') mounted
[2024.11.13-21.25.24:424][  0]LogShaderLibrary: Display: ShaderCodeLibraryPakFileMountedCallback: pending pak file info (ChunkID:-1 Root:root:/ File:C:/Program Files/Epic Games/UE_4.27/FeaturePacks/MobileStarterContent.upack)
[2024.11.13-21.25.24:424][  0]LogPakFile: OnPakFileMounted2Time == 0.000031
[2024.11.13-21.25.24:424][  0]LogPakFile: PakFile PrimaryIndexSize=185
[2024.11.13-21.25.24:424][  0]LogPakFile: PakFile PathHashIndexSize=101
[2024.11.13-21.25.24:424][  0]LogPakFile: PakFile FullDirectoryIndexSize=148
[2024.11.13-21.25.24:424][  0]LogShaderLibrary: Display: ShaderCodeLibraryPakFileMountedCallback: PakFile 'C:/Program Files/Epic Games/UE_4.27/FeaturePacks/StarterContent.upack' (chunk index -1, root 'root:/') mounted
[2024.11.13-21.25.24:424][  0]LogShaderLibrary: Display: ShaderCodeLibraryPakFileMountedCallback: pending pak file info (ChunkID:-1 Root:root:/ File:C:/Program Files/Epic Games/UE_4.27/FeaturePacks/StarterContent.upack)
[2024.11.13-21.25.24:424][  0]LogPakFile: OnPakFileMounted2Time == 0.000032
[2024.11.13-21.25.24:425][  0]LogPakFile: PakFile PrimaryIndexSize=190
[2024.11.13-21.25.24:425][  0]LogPakFile: PakFile PathHashIndexSize=101
[2024.11.13-21.25.24:425][  0]LogPakFile: PakFile FullDirectoryIndexSize=154
[2024.11.13-21.25.24:425][  0]LogShaderLibrary: Display: ShaderCodeLibraryPakFileMountedCallback: PakFile 'C:/Program Files/Epic Games/UE_4.27/FeaturePacks/TP_2DSideScroller.upack' (chunk index -1, root 'root:/') mounted
[2024.11.13-21.25.24:425][  0]LogShaderLibrary: Display: ShaderCodeLibraryPakFileMountedCallback: pending pak file info (ChunkID:-1 Root:root:/ File:C:/Program Files/Epic Games/UE_4.27/FeaturePacks/TP_2DSideScroller.upack)
[2024.11.13-21.25.24:425][  0]LogPakFile: OnPakFileMounted2Time == 0.000031
[2024.11.13-21.25.24:426][  0]LogPakFile: PakFile PrimaryIndexSize=192
[2024.11.13-21.25.24:426][  0]LogPakFile: PakFile PathHashIndexSize=101
[2024.11.13-21.25.24:426][  0]LogPakFile: PakFile FullDirectoryIndexSize=158
[2024.11.13-21.25.24:426][  0]LogShaderLibrary: Display: ShaderCodeLibraryPakFileMountedCallback: PakFile 'C:/Program Files/Epic Games/UE_4.27/FeaturePacks/TP_2DSideScrollerBP.upack' (chunk index -1, root 'root:/') mounted
[2024.11.13-21.25.24:426][  0]LogShaderLibrary: Display: ShaderCodeLibraryPakFileMountedCallback: pending pak file info (ChunkID:-1 Root:root:/ File:C:/Program Files/Epic Games/UE_4.27/FeaturePacks/TP_2DSideScrollerBP.upack)
[2024.11.13-21.25.24:426][  0]LogPakFile: OnPakFileMounted2Time == 0.000031
[2024.11.13-21.25.24:426][  0]LogPakFile: PakFile PrimaryIndexSize=182
[2024.11.13-21.25.24:426][  0]LogPakFile: PakFile PathHashIndexSize=101
[2024.11.13-21.25.24:426][  0]LogPakFile: PakFile FullDirectoryIndexSize=138
[2024.11.13-21.25.24:426][  0]LogShaderLibrary: Display: ShaderCodeLibraryPakFileMountedCallback: PakFile 'C:/Program Files/Epic Games/UE_4.27/FeaturePacks/TP_Flying.upack' (chunk index -1, root 'root:/') mounted
[2024.11.13-21.25.24:426][  0]LogShaderLibrary: Display: ShaderCodeLibraryPakFileMountedCallback: pending pak file info (ChunkID:-1 Root:root:/ File:C:/Program Files/Epic Games/UE_4.27/FeaturePacks/TP_Flying.upack)
[2024.11.13-21.25.24:426][  0]LogPakFile: OnPakFileMounted2Time == 0.000047
[2024.11.13-21.25.24:427][  0]LogPakFile: PakFile PrimaryIndexSize=184
[2024.11.13-21.25.24:427][  0]LogPakFile: PakFile PathHashIndexSize=101
[2024.11.13-21.25.24:427][  0]LogPakFile: PakFile FullDirectoryIndexSize=142
[2024.11.13-21.25.24:427][  0]LogShaderLibrary: Display: ShaderCodeLibraryPakFileMountedCallback: PakFile 'C:/Program Files/Epic Games/UE_4.27/FeaturePacks/TP_FlyingBP.upack' (chunk index -1, root 'root:/') mounted
[2024.11.13-21.25.24:427][  0]LogShaderLibrary: Display: ShaderCodeLibraryPakFileMountedCallback: pending pak file info (ChunkID:-1 Root:root:/ File:C:/Program Files/Epic Games/UE_4.27/FeaturePacks/TP_FlyingBP.upack)
[2024.11.13-21.25.24:427][  0]LogPakFile: OnPakFileMounted2Time == 0.000031
[2024.11.13-21.25.24:427][  0]LogPakFile: PakFile PrimaryIndexSize=188
[2024.11.13-21.25.24:427][  0]LogPakFile: PakFile PathHashIndexSize=101
[2024.11.13-21.25.24:427][  0]LogPakFile: PakFile FullDirectoryIndexSize=150
[2024.11.13-21.25.24:427][  0]LogShaderLibrary: Display: ShaderCodeLibraryPakFileMountedCallback: PakFile 'C:/Program Files/Epic Games/UE_4.27/FeaturePacks/TP_HandheldARBP.upack' (chunk index -1, root 'root:/') mounted
[2024.11.13-21.25.24:427][  0]LogShaderLibrary: Display: ShaderCodeLibraryPakFileMountedCallback: pending pak file info (ChunkID:-1 Root:root:/ File:C:/Program Files/Epic Games/UE_4.27/FeaturePacks/TP_HandheldARBP.upack)
[2024.11.13-21.25.24:427][  0]LogPakFile: OnPakFileMounted2Time == 0.000031
[2024.11.13-21.25.24:428][  0]LogPakFile: PakFile PrimaryIndexSize=182
[2024.11.13-21.25.24:428][  0]LogPakFile: PakFile PathHashIndexSize=101
[2024.11.13-21.25.24:428][  0]LogPakFile: PakFile FullDirectoryIndexSize=138
[2024.11.13-21.25.24:428][  0]LogShaderLibrary: Display: ShaderCodeLibraryPakFileMountedCallback: PakFile 'C:/Program Files/Epic Games/UE_4.27/FeaturePacks/TP_Puzzle.upack' (chunk index -1, root 'root:/') mounted
[2024.11.13-21.25.24:428][  0]LogShaderLibrary: Display: ShaderCodeLibraryPakFileMountedCallback: pending pak file info (ChunkID:-1 Root:root:/ File:C:/Program Files/Epic Games/UE_4.27/FeaturePacks/TP_Puzzle.upack)
[2024.11.13-21.25.24:428][  0]LogPakFile: OnPakFileMounted2Time == 0.000044
[2024.11.13-21.25.24:429][  0]LogPakFile: PakFile PrimaryIndexSize=184
[2024.11.13-21.25.24:429][  0]LogPakFile: PakFile PathHashIndexSize=101
[2024.11.13-21.25.24:429][  0]LogPakFile: PakFile FullDirectoryIndexSize=142
[2024.11.13-21.25.24:429][  0]LogShaderLibrary: Display: ShaderCodeLibraryPakFileMountedCallback: PakFile 'C:/Program Files/Epic Games/UE_4.27/FeaturePacks/TP_PuzzleBP.upack' (chunk index -1, root 'root:/') mounted
[2024.11.13-21.25.24:429][  0]LogShaderLibrary: Display: ShaderCodeLibraryPakFileMountedCallback: pending pak file info (ChunkID:-1 Root:root:/ File:C:/Program Files/Epic Games/UE_4.27/FeaturePacks/TP_PuzzleBP.upack)
[2024.11.13-21.25.24:429][  0]LogPakFile: OnPakFileMounted2Time == 0.000031
[2024.11.13-21.25.24:429][  0]LogPakFile: PakFile PrimaryIndexSize=183
[2024.11.13-21.25.24:429][  0]LogPakFile: PakFile PathHashIndexSize=101
[2024.11.13-21.25.24:429][  0]LogPakFile: PakFile FullDirectoryIndexSize=140
[2024.11.13-21.25.24:429][  0]LogShaderLibrary: Display: ShaderCodeLibraryPakFileMountedCallback: PakFile 'C:/Program Files/Epic Games/UE_4.27/FeaturePacks/TP_Rolling.upack' (chunk index -1, root 'root:/') mounted
[2024.11.13-21.25.24:429][  0]LogShaderLibrary: Display: ShaderCodeLibraryPakFileMountedCallback: pending pak file info (ChunkID:-1 Root:root:/ File:C:/Program Files/Epic Games/UE_4.27/FeaturePacks/TP_Rolling.upack)
[2024.11.13-21.25.24:429][  0]LogPakFile: OnPakFileMounted2Time == 0.000031
[2024.11.13-21.25.24:430][  0]LogPakFile: PakFile PrimaryIndexSize=185
[2024.11.13-21.25.24:430][  0]LogPakFile: PakFile PathHashIndexSize=101
[2024.11.13-21.25.24:430][  0]LogPakFile: PakFile FullDirectoryIndexSize=144
[2024.11.13-21.25.24:430][  0]LogShaderLibrary: Display: ShaderCodeLibraryPakFileMountedCallback: PakFile 'C:/Program Files/Epic Games/UE_4.27/FeaturePacks/TP_RollingBP.upack' (chunk index -1, root 'root:/') mounted
[2024.11.13-21.25.24:430][  0]LogShaderLibrary: Display: ShaderCodeLibraryPakFileMountedCallback: pending pak file info (ChunkID:-1 Root:root:/ File:C:/Program Files/Epic Games/UE_4.27/FeaturePacks/TP_RollingBP.upack)
[2024.11.13-21.25.24:430][  0]LogPakFile: OnPakFileMounted2Time == 0.000031
[2024.11.13-21.25.24:431][  0]LogPakFile: PakFile PrimaryIndexSize=188
[2024.11.13-21.25.24:431][  0]LogPakFile: PakFile PathHashIndexSize=101
[2024.11.13-21.25.24:431][  0]LogPakFile: PakFile FullDirectoryIndexSize=150
[2024.11.13-21.25.24:431][  0]LogShaderLibrary: Display: ShaderCodeLibraryPakFileMountedCallback: PakFile 'C:/Program Files/Epic Games/UE_4.27/FeaturePacks/TP_SideScroller.upack' (chunk index -1, root 'root:/') mounted
[2024.11.13-21.25.24:431][  0]LogShaderLibrary: Display: ShaderCodeLibraryPakFileMountedCallback: pending pak file info (ChunkID:-1 Root:root:/ File:C:/Program Files/Epic Games/UE_4.27/FeaturePacks/TP_SideScroller.upack)
[2024.11.13-21.25.24:431][  0]LogPakFile: OnPakFileMounted2Time == 0.000033
[2024.11.13-21.25.24:431][  0]LogPakFile: PakFile PrimaryIndexSize=190
[2024.11.13-21.25.24:431][  0]LogPakFile: PakFile PathHashIndexSize=101
[2024.11.13-21.25.24:431][  0]LogPakFile: PakFile FullDirectoryIndexSize=154
[2024.11.13-21.25.24:431][  0]LogShaderLibrary: Display: ShaderCodeLibraryPakFileMountedCallback: PakFile 'C:/Program Files/Epic Games/UE_4.27/FeaturePacks/TP_SideScrollerBP.upack' (chunk index -1, root 'root:/') mounted
[2024.11.13-21.25.24:431][  0]LogShaderLibrary: Display: ShaderCodeLibraryPakFileMountedCallback: pending pak file info (ChunkID:-1 Root:root:/ File:C:/Program Files/Epic Games/UE_4.27/FeaturePacks/TP_SideScrollerBP.upack)
[2024.11.13-21.25.24:431][  0]LogPakFile: OnPakFileMounted2Time == 0.000031
[2024.11.13-21.25.24:432][  0]LogPakFile: PakFile PrimaryIndexSize=187
[2024.11.13-21.25.24:432][  0]LogPakFile: PakFile PathHashIndexSize=101
[2024.11.13-21.25.24:432][  0]LogPakFile: PakFile FullDirectoryIndexSize=148
[2024.11.13-21.25.24:432][  0]LogShaderLibrary: Display: ShaderCodeLibraryPakFileMountedCallback: PakFile 'C:/Program Files/Epic Games/UE_4.27/FeaturePacks/TP_ThirdPerson.upack' (chunk index -1, root 'root:/') mounted
[2024.11.13-21.25.24:432][  0]LogShaderLibrary: Display: ShaderCodeLibraryPakFileMountedCallback: pending pak file info (ChunkID:-1 Root:root:/ File:C:/Program Files/Epic Games/UE_4.27/FeaturePacks/TP_ThirdPerson.upack)
[2024.11.13-21.25.24:432][  0]LogPakFile: OnPakFileMounted2Time == 0.000030
[2024.11.13-21.25.24:432][  0]LogPakFile: PakFile PrimaryIndexSize=189
[2024.11.13-21.25.24:432][  0]LogPakFile: PakFile PathHashIndexSize=101
[2024.11.13-21.25.24:432][  0]LogPakFile: PakFile FullDirectoryIndexSize=152
[2024.11.13-21.25.24:432][  0]LogShaderLibrary: Display: ShaderCodeLibraryPakFileMountedCallback: PakFile 'C:/Program Files/Epic Games/UE_4.27/FeaturePacks/TP_ThirdPersonBP.upack' (chunk index -1, root 'root:/') mounted
[2024.11.13-21.25.24:432][  0]LogShaderLibrary: Display: ShaderCodeLibraryPakFileMountedCallback: pending pak file info (ChunkID:-1 Root:root:/ File:C:/Program Files/Epic Games/UE_4.27/FeaturePacks/TP_ThirdPersonBP.upack)
[2024.11.13-21.25.24:433][  0]LogPakFile: OnPakFileMounted2Time == 0.000032
[2024.11.13-21.25.24:433][  0]LogPakFile: PakFile PrimaryIndexSize=183
[2024.11.13-21.25.24:433][  0]LogPakFile: PakFile PathHashIndexSize=101
[2024.11.13-21.25.24:433][  0]LogPakFile: PakFile FullDirectoryIndexSize=140
[2024.11.13-21.25.24:433][  0]LogShaderLibrary: Display: ShaderCodeLibraryPakFileMountedCallback: PakFile 'C:/Program Files/Epic Games/UE_4.27/FeaturePacks/TP_TopDown.upack' (chunk index -1, root 'root:/') mounted
[2024.11.13-21.25.24:433][  0]LogShaderLibrary: Display: ShaderCodeLibraryPakFileMountedCallback: pending pak file info (ChunkID:-1 Root:root:/ File:C:/Program Files/Epic Games/UE_4.27/FeaturePacks/TP_TopDown.upack)
[2024.11.13-21.25.24:433][  0]LogPakFile: OnPakFileMounted2Time == 0.000037
[2024.11.13-21.25.24:434][  0]LogPakFile: PakFile PrimaryIndexSize=185
[2024.11.13-21.25.24:434][  0]LogPakFile: PakFile PathHashIndexSize=101
[2024.11.13-21.25.24:434][  0]LogPakFile: PakFile FullDirectoryIndexSize=144
[2024.11.13-21.25.24:434][  0]LogShaderLibrary: Display: ShaderCodeLibraryPakFileMountedCallback: PakFile 'C:/Program Files/Epic Games/UE_4.27/FeaturePacks/TP_TopDownBP.upack' (chunk index -1, root 'root:/') mounted
[2024.11.13-21.25.24:434][  0]LogShaderLibrary: Display: ShaderCodeLibraryPakFileMountedCallback: pending pak file info (ChunkID:-1 Root:root:/ File:C:/Program Files/Epic Games/UE_4.27/FeaturePacks/TP_TopDownBP.upack)
[2024.11.13-21.25.24:434][  0]LogPakFile: OnPakFileMounted2Time == 0.000036
[2024.11.13-21.25.24:434][  0]LogPakFile: PakFile PrimaryIndexSize=185
[2024.11.13-21.25.24:434][  0]LogPakFile: PakFile PathHashIndexSize=101
[2024.11.13-21.25.24:434][  0]LogPakFile: PakFile FullDirectoryIndexSize=144
[2024.11.13-21.25.24:434][  0]LogShaderLibrary: Display: ShaderCodeLibraryPakFileMountedCallback: PakFile 'C:/Program Files/Epic Games/UE_4.27/FeaturePacks/TP_TwinStick.upack' (chunk index -1, root 'root:/') mounted
[2024.11.13-21.25.24:434][  0]LogShaderLibrary: Display: ShaderCodeLibraryPakFileMountedCallback: pending pak file info (ChunkID:-1 Root:root:/ File:C:/Program Files/Epic Games/UE_4.27/FeaturePacks/TP_TwinStick.upack)
[2024.11.13-21.25.24:434][  0]LogPakFile: OnPakFileMounted2Time == 0.000031
[2024.11.13-21.25.24:435][  0]LogPakFile: PakFile PrimaryIndexSize=187
[2024.11.13-21.25.24:435][  0]LogPakFile: PakFile PathHashIndexSize=101
[2024.11.13-21.25.24:435][  0]LogPakFile: PakFile FullDirectoryIndexSize=148
[2024.11.13-21.25.24:435][  0]LogShaderLibrary: Display: ShaderCodeLibraryPakFileMountedCallback: PakFile 'C:/Program Files/Epic Games/UE_4.27/FeaturePacks/TP_TwinStickBP.upack' (chunk index -1, root 'root:/') mounted
[2024.11.13-21.25.24:435][  0]LogShaderLibrary: Display: ShaderCodeLibraryPakFileMountedCallback: pending pak file info (ChunkID:-1 Root:root:/ File:C:/Program Files/Epic Games/UE_4.27/FeaturePacks/TP_TwinStickBP.upack)
[2024.11.13-21.25.24:435][  0]LogPakFile: OnPakFileMounted2Time == 0.000031
[2024.11.13-21.25.24:435][  0]LogPakFile: PakFile PrimaryIndexSize=183
[2024.11.13-21.25.24:435][  0]LogPakFile: PakFile PathHashIndexSize=101
[2024.11.13-21.25.24:435][  0]LogPakFile: PakFile FullDirectoryIndexSize=140
[2024.11.13-21.25.24:435][  0]LogShaderLibrary: Display: ShaderCodeLibraryPakFileMountedCallback: PakFile 'C:/Program Files/Epic Games/UE_4.27/FeaturePacks/TP_Vehicle.upack' (chunk index -1, root 'root:/') mounted
[2024.11.13-21.25.24:435][  0]LogShaderLibrary: Display: ShaderCodeLibraryPakFileMountedCallback: pending pak file info (ChunkID:-1 Root:root:/ File:C:/Program Files/Epic Games/UE_4.27/FeaturePacks/TP_Vehicle.upack)
[2024.11.13-21.25.24:435][  0]LogPakFile: OnPakFileMounted2Time == 0.000030
[2024.11.13-21.25.24:436][  0]LogPakFile: PakFile PrimaryIndexSize=186
[2024.11.13-21.25.24:436][  0]LogPakFile: PakFile PathHashIndexSize=101
[2024.11.13-21.25.24:436][  0]LogPakFile: PakFile FullDirectoryIndexSize=146
[2024.11.13-21.25.24:436][  0]LogShaderLibrary: Display: ShaderCodeLibraryPakFileMountedCallback: PakFile 'C:/Program Files/Epic Games/UE_4.27/FeaturePacks/TP_VehicleAdv.upack' (chunk index -1, root 'root:/') mounted
[2024.11.13-21.25.24:436][  0]LogShaderLibrary: Display: ShaderCodeLibraryPakFileMountedCallback: pending pak file info (ChunkID:-1 Root:root:/ File:C:/Program Files/Epic Games/UE_4.27/FeaturePacks/TP_VehicleAdv.upack)
[2024.11.13-21.25.24:436][  0]LogPakFile: OnPakFileMounted2Time == 0.000031
[2024.11.13-21.25.24:437][  0]LogPakFile: PakFile PrimaryIndexSize=188
[2024.11.13-21.25.24:437][  0]LogPakFile: PakFile PathHashIndexSize=101
[2024.11.13-21.25.24:437][  0]LogPakFile: PakFile FullDirectoryIndexSize=150
[2024.11.13-21.25.24:437][  0]LogShaderLibrary: Display: ShaderCodeLibraryPakFileMountedCallback: PakFile 'C:/Program Files/Epic Games/UE_4.27/FeaturePacks/TP_VehicleAdvBP.upack' (chunk index -1, root 'root:/') mounted
[2024.11.13-21.25.24:437][  0]LogShaderLibrary: Display: ShaderCodeLibraryPakFileMountedCallback: pending pak file info (ChunkID:-1 Root:root:/ File:C:/Program Files/Epic Games/UE_4.27/FeaturePacks/TP_VehicleAdvBP.upack)
[2024.11.13-21.25.24:437][  0]LogPakFile: OnPakFileMounted2Time == 0.000042
[2024.11.13-21.25.24:438][  0]LogPakFile: PakFile PrimaryIndexSize=185
[2024.11.13-21.25.24:438][  0]LogPakFile: PakFile PathHashIndexSize=101
[2024.11.13-21.25.24:438][  0]LogPakFile: PakFile FullDirectoryIndexSize=144
[2024.11.13-21.25.24:438][  0]LogShaderLibrary: Display: ShaderCodeLibraryPakFileMountedCallback: PakFile 'C:/Program Files/Epic Games/UE_4.27/FeaturePacks/TP_VehicleBP.upack' (chunk index -1, root 'root:/') mounted
[2024.11.13-21.25.24:438][  0]LogShaderLibrary: Display: ShaderCodeLibraryPakFileMountedCallback: pending pak file info (ChunkID:-1 Root:root:/ File:C:/Program Files/Epic Games/UE_4.27/FeaturePacks/TP_VehicleBP.upack)
[2024.11.13-21.25.24:438][  0]LogPakFile: OnPakFileMounted2Time == 0.000032
[2024.11.13-21.25.24:438][  0]LogPakFile: PakFile PrimaryIndexSize=192
[2024.11.13-21.25.24:438][  0]LogPakFile: PakFile PathHashIndexSize=101
[2024.11.13-21.25.24:438][  0]LogPakFile: PakFile FullDirectoryIndexSize=158
[2024.11.13-21.25.24:438][  0]LogShaderLibrary: Display: ShaderCodeLibraryPakFileMountedCallback: PakFile 'C:/Program Files/Epic Games/UE_4.27/FeaturePacks/TP_VirtualRealityBP.upack' (chunk index -1, root 'root:/') mounted
[2024.11.13-21.25.24:438][  0]LogShaderLibrary: Display: ShaderCodeLibraryPakFileMountedCallback: pending pak file info (ChunkID:-1 Root:root:/ File:C:/Program Files/Epic Games/UE_4.27/FeaturePacks/TP_VirtualRealityBP.upack)
[2024.11.13-21.25.24:438][  0]LogPakFile: OnPakFileMounted2Time == 0.000031
[2024.11.13-21.25.24:491][  0]LogNativeClassHierarchy: Verbose: Native class hierarchy updated for 'AddContentDialog' in 0.0003 seconds. Added 0 classes and 0 folders.
[2024.11.13-21.25.24:492][  0]LogNativeClassHierarchy: Verbose: Native class hierarchy updated for 'SceneOutliner' in 0.0002 seconds. Added 2 classes and 0 folders.
[2024.11.13-21.25.24:538][  0]LogSlate: Took 0.000247 seconds to synchronously load lazily loaded font '../../../Engine/Content/Slate/Fonts/Roboto-Regular.ttf' (155K)
[2024.11.13-21.25.24:539][  0]LogSlate: Took 0.000161 seconds to synchronously load lazily loaded font '../../../Engine/Content/Editor/Slate/Fonts/FontAwesome.ttf' (139K)
[2024.11.13-21.25.24:540][  0]LogSlate: Took 0.000140 seconds to synchronously load lazily loaded font '../../../Engine/Content/Slate/Fonts/Roboto-Bold.ttf' (160K)
[2024.11.13-21.25.24:623][  0]LogRenderer: Reallocating scene render targets to support 1208x636 Format 10 NumSamples 1 (Frame:1).
[2024.11.13-21.25.24:768][  0]LogNativeClassHierarchy: Verbose: Native class hierarchy updated for 'HierarchicalLODOutliner' in 0.0004 seconds. Added 0 classes and 0 folders.
[2024.11.13-21.25.24:768][  0]LogLoad: (Engine Initialization) Total time: 9.70 seconds
[2024.11.13-21.25.24:768][  0]LogLoad: (Engine Initialization) Total Blueprint compile time: 0.00 seconds
[2024.11.13-21.25.24:811][  0]LogAssetRegistry: Asset discovery search completed in 5.3301 seconds
[2024.11.13-21.25.24:817][  0]LogCollectionManager: Fixed up redirectors for 0 collections in 0.000003 seconds (updated 0 objects)
[2024.11.13-21.25.24:819][  0]LogContentStreaming: Texture pool size now 1000 MB
[2024.11.13-21.25.24:933][  0]LogSlate: Took 0.006865 seconds to synchronously load lazily loaded font '../../../Engine/Content/Slate/Fonts/DroidSansMono.ttf' (77K)
[2024.11.13-21.25.24:972][  2]LogSlate: Took 0.000179 seconds to synchronously load lazily loaded font '../../../Engine/Content/Slate/Fonts/Roboto-Light.ttf' (167K)
[2024.11.13-21.25.27:745][182]LogSlate: Window 'Message Log' being destroyed
[2024.11.13-21.25.27:763][182]LogSlate: Window 'Message Log' being destroyed
